{"/Users/emmanuelcalle/Documents/coderhouse/42-tests/src/api/carts.ts": {"path":"/Users/emmanuelcalle/Documents/coderhouse/42-tests/src/api/carts.ts","statementMap":{"0":{"start":{"line":1,"column":0},"end":{"line":1,"column":44}},"1":{"start":{"line":2,"column":0},"end":{"line":2,"column":50}},"2":{"start":{"line":3,"column":0},"end":{"line":3,"column":44}},"3":{"start":{"line":4,"column":0},"end":{"line":4,"column":48}},"4":{"start":{"line":6,"column":24},"end":{"line":6,"column":46}},"5":{"start":{"line":6,"column":30},"end":{"line":6,"column":46}},"6":{"start":{"line":6,"column":13},"end":{"line":6,"column":24}},"7":{"start":{"line":8,"column":29},"end":{"line":9,"column":40}},"8":{"start":{"line":9,"column":2},"end":{"line":9,"column":40}},"9":{"start":{"line":8,"column":13},"end":{"line":8,"column":29}},"10":{"start":{"line":11,"column":25},"end":{"line":44,"column":2}},"11":{"start":{"line":15,"column":4},"end":{"line":44,"column":2}},"12":{"start":{"line":16,"column":23},"end":{"line":16,"column":67}},"13":{"start":{"line":17,"column":23},"end":{"line":17,"column":61}},"14":{"start":{"line":19,"column":31},"end":{"line":19,"column":60}},"15":{"start":{"line":21,"column":22},"end":{"line":22,"column":null}},"16":{"start":{"line":22,"column":14},"end":{"line":22,"column":42}},"17":{"start":{"line":24,"column":2},"end":{"line":26,"column":null}},"18":{"start":{"line":25,"column":4},"end":{"line":25,"column":71}},"19":{"start":{"line":28,"column":2},"end":{"line":38,"column":null}},"20":{"start":{"line":29,"column":4},"end":{"line":29,"column":59}},"21":{"start":{"line":30,"column":9},"end":{"line":38,"column":null}},"22":{"start":{"line":31,"column":4},"end":{"line":31,"column":73}},"23":{"start":{"line":33,"column":4},"end":{"line":37,"column":7}},"24":{"start":{"line":40,"column":2},"end":{"line":43,"column":4}},"25":{"start":{"line":11,"column":13},"end":{"line":11,"column":25}},"26":{"start":{"line":46,"column":30},"end":{"line":71,"column":2}},"27":{"start":{"line":46,"column":74},"end":{"line":71,"column":2}},"28":{"start":{"line":47,"column":23},"end":{"line":47,"column":67}},"29":{"start":{"line":48,"column":26},"end":{"line":48,"column":64}},"30":{"start":{"line":50,"column":2},"end":{"line":52,"column":null}},"31":{"start":{"line":51,"column":4},"end":{"line":51,"column":77}},"32":{"start":{"line":54,"column":31},"end":{"line":54,"column":60}},"33":{"start":{"line":56,"column":22},"end":{"line":57,"column":null}},"34":{"start":{"line":57,"column":14},"end":{"line":57,"column":42}},"35":{"start":{"line":60,"column":2},"end":{"line":62,"column":null}},"36":{"start":{"line":61,"column":4},"end":{"line":61,"column":79}},"37":{"start":{"line":63,"column":2},"end":{"line":70,"column":4}},"38":{"start":{"line":67,"column":18},"end":{"line":67,"column":46}},"39":{"start":{"line":46,"column":13},"end":{"line":46,"column":30}},"40":{"start":{"line":73,"column":23},"end":{"line":77,"column":2}},"41":{"start":{"line":73,"column":44},"end":{"line":77,"column":2}},"42":{"start":{"line":74,"column":18},"end":{"line":74,"column":45}},"43":{"start":{"line":75,"column":2},"end":{"line":75,"column":34}},"44":{"start":{"line":76,"column":2},"end":{"line":76,"column":53}},"45":{"start":{"line":73,"column":13},"end":{"line":73,"column":23}}},"fnMap":{"0":{"name":"(anonymous_7)","decl":{"start":{"line":6,"column":24},"end":{"line":6,"column":27}},"loc":{"start":{"line":6,"column":30},"end":{"line":6,"column":46}}},"1":{"name":"(anonymous_8)","decl":{"start":{"line":8,"column":29},"end":{"line":8,"column":30}},"loc":{"start":{"line":9,"column":2},"end":{"line":9,"column":40}}},"2":{"name":"(anonymous_9)","decl":{"start":{"line":11,"column":25},"end":{"line":11,"column":null}},"loc":{"start":{"line":15,"column":4},"end":{"line":44,"column":2}}},"3":{"name":"(anonymous_10)","decl":{"start":{"line":15,"column":4},"end":{"line":15,"column":null}},"loc":{"start":{"line":15,"column":4},"end":{"line":44,"column":1}}},"4":{"name":"(anonymous_11)","decl":{"start":{"line":22,"column":4},"end":{"line":22,"column":5}},"loc":{"start":{"line":22,"column":14},"end":{"line":22,"column":42}}},"5":{"name":"(anonymous_12)","decl":{"start":{"line":46,"column":30},"end":{"line":46,"column":37}},"loc":{"start":{"line":46,"column":74},"end":{"line":71,"column":2}}},"6":{"name":"(anonymous_13)","decl":{"start":{"line":46,"column":74},"end":{"line":46,"column":null}},"loc":{"start":{"line":46,"column":74},"end":{"line":71,"column":1}}},"7":{"name":"(anonymous_14)","decl":{"start":{"line":57,"column":4},"end":{"line":57,"column":5}},"loc":{"start":{"line":57,"column":14},"end":{"line":57,"column":42}}},"8":{"name":"(anonymous_15)","decl":{"start":{"line":67,"column":8},"end":{"line":67,"column":9}},"loc":{"start":{"line":67,"column":18},"end":{"line":67,"column":46}}},"9":{"name":"(anonymous_16)","decl":{"start":{"line":73,"column":23},"end":{"line":73,"column":30}},"loc":{"start":{"line":73,"column":44},"end":{"line":77,"column":2}}},"10":{"name":"(anonymous_17)","decl":{"start":{"line":73,"column":44},"end":{"line":73,"column":null}},"loc":{"start":{"line":73,"column":44},"end":{"line":77,"column":1}}}},"branchMap":{"0":{"loc":{"start":{"line":24,"column":2},"end":{"line":26,"column":null}},"type":"if","locations":[{"start":{"line":24,"column":2},"end":{"line":26,"column":null}}]},"1":{"loc":{"start":{"line":28,"column":2},"end":{"line":38,"column":null}},"type":"if","locations":[{"start":{"line":28,"column":2},"end":{"line":38,"column":null}},{"start":{"line":30,"column":9},"end":{"line":38,"column":null}}]},"2":{"loc":{"start":{"line":28,"column":6},"end":{"line":28,"column":58}},"type":"binary-expr","locations":[{"start":{"line":28,"column":6},"end":{"line":28,"column":24}},{"start":{"line":28,"column":28},"end":{"line":28,"column":58}}]},"3":{"loc":{"start":{"line":30,"column":9},"end":{"line":38,"column":null}},"type":"if","locations":[{"start":{"line":30,"column":9},"end":{"line":38,"column":null}},{"start":{"line":32,"column":9},"end":{"line":38,"column":null}}]},"4":{"loc":{"start":{"line":50,"column":2},"end":{"line":52,"column":null}},"type":"if","locations":[{"start":{"line":50,"column":2},"end":{"line":52,"column":null}}]},"5":{"loc":{"start":{"line":60,"column":2},"end":{"line":62,"column":null}},"type":"if","locations":[{"start":{"line":60,"column":2},"end":{"line":62,"column":null}}]}},"s":{"0":1,"1":1,"2":1,"3":1,"4":1,"5":0,"6":1,"7":1,"8":0,"9":1,"10":1,"11":0,"12":0,"13":0,"14":0,"15":0,"16":0,"17":0,"18":0,"19":0,"20":0,"21":0,"22":0,"23":0,"24":0,"25":1,"26":1,"27":0,"28":0,"29":0,"30":0,"31":0,"32":0,"33":0,"34":0,"35":0,"36":0,"37":0,"38":0,"39":1,"40":1,"41":0,"42":0,"43":0,"44":0,"45":1},"f":{"0":0,"1":0,"2":0,"3":0,"4":0,"5":0,"6":0,"7":0,"8":0,"9":0,"10":0},"b":{"0":[0],"1":[0,0],"2":[0,0],"3":[0,0],"4":[0],"5":[0]}}
,"/Users/emmanuelcalle/Documents/coderhouse/42-tests/src/api/error.ts": {"path":"/Users/emmanuelcalle/Documents/coderhouse/42-tests/src/api/error.ts","statementMap":{"0":{"start":{"line":1,"column":13},"end":{"line":4,"column":2}},"1":{"start":{"line":9,"column":4},"end":{"line":9,"column":19}},"2":{"start":{"line":10,"column":4},"end":{"line":10,"column":33}},"3":{"start":{"line":6,"column":0},"end":{"line":6,"column":13}}},"fnMap":{"0":{"name":"(anonymous_0)","decl":{"start":{"line":8,"column":2},"end":{"line":8,"column":14}},"loc":{"start":{"line":8,"column":49},"end":{"line":11,"column":3}}}},"branchMap":{},"s":{"0":1,"1":0,"2":0,"3":1},"f":{"0":0},"b":{}}
,"/Users/emmanuelcalle/Documents/coderhouse/42-tests/src/api/products.ts": {"path":"/Users/emmanuelcalle/Documents/coderhouse/42-tests/src/api/products.ts","statementMap":{"0":{"start":{"line":1,"column":0},"end":{"line":1,"column":50}},"1":{"start":{"line":3,"column":27},"end":{"line":5,"column":1}},"2":{"start":{"line":4,"column":2},"end":{"line":4,"column":29}},"3":{"start":{"line":3,"column":13},"end":{"line":3,"column":27}},"4":{"start":{"line":7,"column":26},"end":{"line":16,"column":1}},"5":{"start":{"line":8,"column":2},"end":{"line":8,"column":63}},"6":{"start":{"line":9,"column":2},"end":{"line":9,"column":45}},"7":{"start":{"line":10,"column":2},"end":{"line":15,"column":4}},"8":{"start":{"line":14,"column":31},"end":{"line":14,"column":52}},"9":{"start":{"line":7,"column":13},"end":{"line":7,"column":26}},"10":{"start":{"line":18,"column":23},"end":{"line":20,"column":1}},"11":{"start":{"line":19,"column":2},"end":{"line":19,"column":35}},"12":{"start":{"line":18,"column":13},"end":{"line":18,"column":23}},"13":{"start":{"line":22,"column":29},"end":{"line":24,"column":2}},"14":{"start":{"line":22,"column":50},"end":{"line":24,"column":2}},"15":{"start":{"line":23,"column":2},"end":{"line":23,"column":43}},"16":{"start":{"line":22,"column":13},"end":{"line":22,"column":29}},"17":{"start":{"line":26,"column":22},"end":{"line":41,"column":2}},"18":{"start":{"line":34,"column":4},"end":{"line":41,"column":2}},"19":{"start":{"line":35,"column":24},"end":{"line":35,"column":55}},"20":{"start":{"line":36,"column":2},"end":{"line":40,"column":4}},"21":{"start":{"line":26,"column":13},"end":{"line":26,"column":22}}},"fnMap":{"0":{"name":"(anonymous_7)","decl":{"start":{"line":3,"column":27},"end":{"line":3,"column":30}},"loc":{"start":{"line":3,"column":32},"end":{"line":5,"column":1}}},"1":{"name":"(anonymous_8)","decl":{"start":{"line":7,"column":26},"end":{"line":7,"column":27}},"loc":{"start":{"line":7,"column":56},"end":{"line":16,"column":1}}},"2":{"name":"(anonymous_9)","decl":{"start":{"line":14,"column":12},"end":{"line":14,"column":13}},"loc":{"start":{"line":14,"column":31},"end":{"line":14,"column":52}}},"3":{"name":"(anonymous_10)","decl":{"start":{"line":18,"column":23},"end":{"line":18,"column":24}},"loc":{"start":{"line":18,"column":38},"end":{"line":20,"column":1}}},"4":{"name":"(anonymous_11)","decl":{"start":{"line":22,"column":29},"end":{"line":22,"column":36}},"loc":{"start":{"line":22,"column":50},"end":{"line":24,"column":2}}},"5":{"name":"(anonymous_12)","decl":{"start":{"line":22,"column":50},"end":{"line":22,"column":null}},"loc":{"start":{"line":22,"column":50},"end":{"line":24,"column":1}}},"6":{"name":"(anonymous_13)","decl":{"start":{"line":26,"column":22},"end":{"line":26,"column":null}},"loc":{"start":{"line":34,"column":4},"end":{"line":41,"column":2}}},"7":{"name":"(anonymous_14)","decl":{"start":{"line":34,"column":4},"end":{"line":34,"column":null}},"loc":{"start":{"line":34,"column":4},"end":{"line":41,"column":1}}}},"branchMap":{},"s":{"0":1,"1":1,"2":1,"3":1,"4":1,"5":1,"6":1,"7":1,"8":1,"9":1,"10":1,"11":2,"12":1,"13":1,"14":1,"15":1,"16":1,"17":1,"18":0,"19":0,"20":0,"21":1},"f":{"0":1,"1":1,"2":1,"3":2,"4":1,"5":1,"6":0,"7":0},"b":{}}
,"/Users/emmanuelcalle/Documents/coderhouse/42-tests/src/config/index.ts": {"path":"/Users/emmanuelcalle/Documents/coderhouse/42-tests/src/config/index.ts","statementMap":{"0":{"start":{"line":1,"column":0},"end":{"line":1,"column":28}},"1":{"start":{"line":3,"column":0},"end":{"line":3,"column":16}},"2":{"start":{"line":5,"column":17},"end":{"line":5,"column":72}},"3":{"start":{"line":7,"column":0},"end":{"line":10,"column":null}},"4":{"start":{"line":8,"column":2},"end":{"line":8,"column":33}},"5":{"start":{"line":9,"column":2},"end":{"line":9,"column":61}},"6":{"start":{"line":12,"column":0},"end":{"line":27,"column":2}}},"fnMap":{},"branchMap":{"0":{"loc":{"start":{"line":5,"column":17},"end":{"line":5,"column":72}},"type":"binary-expr","locations":[{"start":{"line":5,"column":17},"end":{"line":5,"column":58}},{"start":{"line":5,"column":62},"end":{"line":5,"column":72}}]},"1":{"loc":{"start":{"line":7,"column":0},"end":{"line":10,"column":null}},"type":"if","locations":[{"start":{"line":7,"column":0},"end":{"line":10,"column":null}}]},"2":{"loc":{"start":{"line":9,"column":15},"end":{"line":9,"column":60}},"type":"binary-expr","locations":[{"start":{"line":9,"column":15},"end":{"line":9,"column":47}},{"start":{"line":9,"column":51},"end":{"line":9,"column":60}}]},"3":{"loc":{"start":{"line":13,"column":12},"end":{"line":13,"column":49}},"type":"binary-expr","locations":[{"start":{"line":13,"column":12},"end":{"line":13,"column":32}},{"start":{"line":13,"column":36},"end":{"line":13,"column":49}}]},"4":{"loc":{"start":{"line":15,"column":4},"end":{"line":15,"column":59}},"type":"binary-expr","locations":[{"start":{"line":15,"column":4},"end":{"line":15,"column":14}},{"start":{"line":15,"column":18},"end":{"line":15,"column":59}}]},"5":{"loc":{"start":{"line":16,"column":8},"end":{"line":16,"column":32}},"type":"binary-expr","locations":[{"start":{"line":16,"column":8},"end":{"line":16,"column":24}},{"start":{"line":16,"column":28},"end":{"line":16,"column":32}}]},"6":{"loc":{"start":{"line":17,"column":10},"end":{"line":17,"column":59}},"type":"binary-expr","locations":[{"start":{"line":17,"column":10},"end":{"line":17,"column":35}},{"start":{"line":17,"column":39},"end":{"line":17,"column":59}}]},"7":{"loc":{"start":{"line":18,"column":22},"end":{"line":18,"column":76}},"type":"binary-expr","locations":[{"start":{"line":18,"column":22},"end":{"line":18,"column":52}},{"start":{"line":18,"column":56},"end":{"line":18,"column":76}}]},"8":{"loc":{"start":{"line":19,"column":22},"end":{"line":19,"column":76}},"type":"binary-expr","locations":[{"start":{"line":19,"column":22},"end":{"line":19,"column":52}},{"start":{"line":19,"column":56},"end":{"line":19,"column":76}}]},"9":{"loc":{"start":{"line":20,"column":15},"end":{"line":20,"column":75}},"type":"binary-expr","locations":[{"start":{"line":20,"column":15},"end":{"line":20,"column":38}},{"start":{"line":20,"column":42},"end":{"line":20,"column":75}}]},"10":{"loc":{"start":{"line":22,"column":4},"end":{"line":22,"column":60}},"type":"binary-expr","locations":[{"start":{"line":22,"column":4},"end":{"line":22,"column":38}},{"start":{"line":22,"column":42},"end":{"line":22,"column":60}}]},"11":{"loc":{"start":{"line":23,"column":22},"end":{"line":23,"column":69}},"type":"binary-expr","locations":[{"start":{"line":23,"column":22},"end":{"line":23,"column":52}},{"start":{"line":23,"column":56},"end":{"line":23,"column":69}}]},"12":{"loc":{"start":{"line":26,"column":22},"end":{"line":26,"column":76}},"type":"binary-expr","locations":[{"start":{"line":26,"column":22},"end":{"line":26,"column":52}},{"start":{"line":26,"column":56},"end":{"line":26,"column":76}}]}},"s":{"0":1,"1":1,"2":1,"3":1,"4":1,"5":1,"6":1},"f":{},"b":{"0":[1,0],"1":[1],"2":[1,0],"3":[1,0],"4":[1,0],"5":[1,0],"6":[1,0],"7":[1,0],"8":[1,0],"9":[1,0],"10":[1,0],"11":[1,0],"12":[1,0]}}
,"/Users/emmanuelcalle/Documents/coderhouse/42-tests/src/config/mongo-store.ts": {"path":"/Users/emmanuelcalle/Documents/coderhouse/42-tests/src/config/mongo-store.ts","statementMap":{"0":{"start":{"line":1,"column":0},"end":{"line":1,"column":39}},"1":{"start":{"line":2,"column":0},"end":{"line":2,"column":29}},"2":{"start":{"line":4,"column":21},"end":{"line":4,"column":23}},"3":{"start":{"line":6,"column":13},"end":{"line":19,"column":2}}},"fnMap":{},"branchMap":{},"s":{"0":1,"1":1,"2":1,"3":1},"f":{},"b":{}}
,"/Users/emmanuelcalle/Documents/coderhouse/42-tests/src/controllers/carts.ts": {"path":"/Users/emmanuelcalle/Documents/coderhouse/42-tests/src/controllers/carts.ts","statementMap":{"0":{"start":{"line":4,"column":0},"end":{"line":4,"column":null}},"1":{"start":{"line":12,"column":27},"end":{"line":22,"column":2}},"2":{"start":{"line":15,"column":4},"end":{"line":22,"column":2}},"3":{"start":{"line":16,"column":2},"end":{"line":21,"column":null}},"4":{"start":{"line":17,"column":18},"end":{"line":17,"column":34}},"5":{"start":{"line":18,"column":4},"end":{"line":18,"column":43}},"6":{"start":{"line":20,"column":4},"end":{"line":20,"column":49}},"7":{"start":{"line":12,"column":13},"end":{"line":12,"column":27}},"8":{"start":{"line":25,"column":26},"end":{"line":25,"column":60}},"9":{"start":{"line":25,"column":47},"end":{"line":25,"column":60}},"10":{"start":{"line":25,"column":48},"end":{"line":25,"column":60}},"11":{"start":{"line":25,"column":13},"end":{"line":25,"column":26}},"12":{"start":{"line":27,"column":31},"end":{"line":34,"column":2}},"13":{"start":{"line":30,"column":4},"end":{"line":34,"column":2}},"14":{"start":{"line":31,"column":17},"end":{"line":31,"column":43}},"15":{"start":{"line":32,"column":15},"end":{"line":32,"column":42}},"16":{"start":{"line":33,"column":2},"end":{"line":33,"column":39}},"17":{"start":{"line":27,"column":13},"end":{"line":27,"column":31}},"18":{"start":{"line":36,"column":32},"end":{"line":50,"column":2}},"19":{"start":{"line":39,"column":4},"end":{"line":50,"column":2}},"20":{"start":{"line":40,"column":2},"end":{"line":49,"column":null}},"21":{"start":{"line":41,"column":26},"end":{"line":41,"column":36}},"22":{"start":{"line":42,"column":25},"end":{"line":42,"column":33}},"23":{"start":{"line":43,"column":19},"end":{"line":43,"column":45}},"24":{"start":{"line":44,"column":4},"end":{"line":44,"column":49}},"25":{"start":{"line":46,"column":4},"end":{"line":46,"column":59}},"26":{"start":{"line":48,"column":4},"end":{"line":48,"column":49}},"27":{"start":{"line":36,"column":13},"end":{"line":36,"column":32}},"28":{"start":{"line":52,"column":37},"end":{"line":65,"column":2}},"29":{"start":{"line":55,"column":4},"end":{"line":65,"column":2}},"30":{"start":{"line":56,"column":2},"end":{"line":64,"column":null}},"31":{"start":{"line":57,"column":26},"end":{"line":57,"column":36}},"32":{"start":{"line":58,"column":19},"end":{"line":58,"column":45}},"33":{"start":{"line":59,"column":4},"end":{"line":59,"column":44}},"34":{"start":{"line":61,"column":4},"end":{"line":61,"column":55}},"35":{"start":{"line":63,"column":4},"end":{"line":63,"column":49}},"36":{"start":{"line":52,"column":13},"end":{"line":52,"column":37}}},"fnMap":{"0":{"name":"(anonymous_7)","decl":{"start":{"line":12,"column":27},"end":{"line":12,"column":null}},"loc":{"start":{"line":15,"column":4},"end":{"line":22,"column":2}}},"1":{"name":"(anonymous_8)","decl":{"start":{"line":15,"column":4},"end":{"line":15,"column":null}},"loc":{"start":{"line":15,"column":4},"end":{"line":22,"column":1}}},"2":{"name":"(anonymous_9)","decl":{"start":{"line":25,"column":26},"end":{"line":25,"column":33}},"loc":{"start":{"line":25,"column":47},"end":{"line":25,"column":60}}},"3":{"name":"(anonymous_10)","decl":{"start":{"line":25,"column":47},"end":{"line":25,"column":48}},"loc":{"start":{"line":25,"column":47},"end":{"line":25,"column":60}}},"4":{"name":"(anonymous_11)","decl":{"start":{"line":27,"column":31},"end":{"line":27,"column":null}},"loc":{"start":{"line":30,"column":4},"end":{"line":34,"column":2}}},"5":{"name":"(anonymous_12)","decl":{"start":{"line":30,"column":4},"end":{"line":30,"column":null}},"loc":{"start":{"line":30,"column":4},"end":{"line":34,"column":1}}},"6":{"name":"(anonymous_13)","decl":{"start":{"line":36,"column":32},"end":{"line":36,"column":null}},"loc":{"start":{"line":39,"column":4},"end":{"line":50,"column":2}}},"7":{"name":"(anonymous_14)","decl":{"start":{"line":39,"column":4},"end":{"line":39,"column":null}},"loc":{"start":{"line":39,"column":4},"end":{"line":50,"column":1}}},"8":{"name":"(anonymous_15)","decl":{"start":{"line":52,"column":37},"end":{"line":52,"column":null}},"loc":{"start":{"line":55,"column":4},"end":{"line":65,"column":2}}},"9":{"name":"(anonymous_16)","decl":{"start":{"line":55,"column":4},"end":{"line":55,"column":null}},"loc":{"start":{"line":55,"column":4},"end":{"line":65,"column":1}}}},"branchMap":{"0":{"loc":{"start":{"line":31,"column":17},"end":{"line":31,"column":43}},"type":"cond-expr","locations":[{"start":{"line":31,"column":37},"end":{"line":31,"column":39}},{"start":{"line":31,"column":37},"end":{"line":31,"column":43}}]},"1":{"loc":{"start":{"line":31,"column":17},"end":{"line":31,"column":39}},"type":"binary-expr","locations":[{"start":{"line":31,"column":17},"end":{"line":31,"column":39}},{"start":{"line":31,"column":37},"end":{"line":31,"column":39}}]},"2":{"loc":{"start":{"line":43,"column":19},"end":{"line":43,"column":45}},"type":"cond-expr","locations":[{"start":{"line":43,"column":39},"end":{"line":43,"column":41}},{"start":{"line":43,"column":39},"end":{"line":43,"column":45}}]},"3":{"loc":{"start":{"line":43,"column":19},"end":{"line":43,"column":41}},"type":"binary-expr","locations":[{"start":{"line":43,"column":19},"end":{"line":43,"column":41}},{"start":{"line":43,"column":39},"end":{"line":43,"column":41}}]},"4":{"loc":{"start":{"line":58,"column":19},"end":{"line":58,"column":45}},"type":"cond-expr","locations":[{"start":{"line":58,"column":39},"end":{"line":58,"column":41}},{"start":{"line":58,"column":39},"end":{"line":58,"column":45}}]},"5":{"loc":{"start":{"line":58,"column":19},"end":{"line":58,"column":41}},"type":"binary-expr","locations":[{"start":{"line":58,"column":19},"end":{"line":58,"column":41}},{"start":{"line":58,"column":39},"end":{"line":58,"column":41}}]}},"s":{"0":1,"1":1,"2":0,"3":0,"4":0,"5":0,"6":0,"7":1,"8":1,"9":0,"10":0,"11":1,"12":1,"13":0,"14":0,"15":0,"16":0,"17":1,"18":1,"19":0,"20":0,"21":0,"22":0,"23":0,"24":0,"25":0,"26":0,"27":1,"28":1,"29":0,"30":0,"31":0,"32":0,"33":0,"34":0,"35":0,"36":1},"f":{"0":0,"1":0,"2":0,"3":0,"4":0,"5":0,"6":0,"7":0,"8":0,"9":0},"b":{"0":[0,0],"1":[0,0],"2":[0,0],"3":[0,0],"4":[0,0],"5":[0,0]}}
,"/Users/emmanuelcalle/Documents/coderhouse/42-tests/src/controllers/products.ts": {"path":"/Users/emmanuelcalle/Documents/coderhouse/42-tests/src/controllers/products.ts","statementMap":{"0":{"start":{"line":3,"column":0},"end":{"line":3,"column":null}},"1":{"start":{"line":11,"column":30},"end":{"line":21,"column":2}},"2":{"start":{"line":14,"column":4},"end":{"line":21,"column":2}},"3":{"start":{"line":15,"column":2},"end":{"line":20,"column":null}},"4":{"start":{"line":16,"column":21},"end":{"line":16,"column":40}},"5":{"start":{"line":17,"column":4},"end":{"line":17,"column":49}},"6":{"start":{"line":19,"column":4},"end":{"line":19,"column":49}},"7":{"start":{"line":11,"column":13},"end":{"line":11,"column":30}},"8":{"start":{"line":23,"column":29},"end":{"line":34,"column":2}},"9":{"start":{"line":26,"column":4},"end":{"line":34,"column":2}},"10":{"start":{"line":27,"column":2},"end":{"line":33,"column":null}},"11":{"start":{"line":28,"column":17},"end":{"line":28,"column":35}},"12":{"start":{"line":29,"column":4},"end":{"line":29,"column":30}},"13":{"start":{"line":30,"column":4},"end":{"line":30,"column":47}},"14":{"start":{"line":32,"column":4},"end":{"line":32,"column":49}},"15":{"start":{"line":23,"column":13},"end":{"line":23,"column":29}},"16":{"start":{"line":36,"column":30},"end":{"line":47,"column":2}},"17":{"start":{"line":39,"column":4},"end":{"line":47,"column":2}},"18":{"start":{"line":40,"column":2},"end":{"line":46,"column":null}},"19":{"start":{"line":41,"column":15},"end":{"line":41,"column":28}},"20":{"start":{"line":42,"column":20},"end":{"line":42,"column":37}},"21":{"start":{"line":43,"column":4},"end":{"line":43,"column":47}},"22":{"start":{"line":45,"column":4},"end":{"line":45,"column":49}},"23":{"start":{"line":36,"column":13},"end":{"line":36,"column":30}},"24":{"start":{"line":49,"column":26},"end":{"line":60,"column":2}},"25":{"start":{"line":52,"column":4},"end":{"line":60,"column":2}},"26":{"start":{"line":53,"column":2},"end":{"line":59,"column":null}},"27":{"start":{"line":54,"column":15},"end":{"line":54,"column":28}},"28":{"start":{"line":55,"column":4},"end":{"line":55,"column":22}},"29":{"start":{"line":56,"column":4},"end":{"line":56,"column":53}},"30":{"start":{"line":58,"column":4},"end":{"line":58,"column":49}},"31":{"start":{"line":49,"column":13},"end":{"line":49,"column":26}},"32":{"start":{"line":62,"column":29},"end":{"line":76,"column":2}},"33":{"start":{"line":65,"column":4},"end":{"line":76,"column":2}},"34":{"start":{"line":66,"column":2},"end":{"line":75,"column":null}},"35":{"start":{"line":67,"column":19},"end":{"line":67,"column":29}},"36":{"start":{"line":69,"column":6},"end":{"line":69,"column":14}},"37":{"start":{"line":70,"column":4},"end":{"line":70,"column":74}},"38":{"start":{"line":72,"column":4},"end":{"line":72,"column":53}},"39":{"start":{"line":74,"column":4},"end":{"line":74,"column":49}},"40":{"start":{"line":62,"column":13},"end":{"line":62,"column":29}}},"fnMap":{"0":{"name":"(anonymous_7)","decl":{"start":{"line":11,"column":30},"end":{"line":11,"column":null}},"loc":{"start":{"line":14,"column":4},"end":{"line":21,"column":2}}},"1":{"name":"(anonymous_8)","decl":{"start":{"line":14,"column":4},"end":{"line":14,"column":null}},"loc":{"start":{"line":14,"column":4},"end":{"line":21,"column":1}}},"2":{"name":"(anonymous_9)","decl":{"start":{"line":23,"column":29},"end":{"line":23,"column":null}},"loc":{"start":{"line":26,"column":4},"end":{"line":34,"column":2}}},"3":{"name":"(anonymous_10)","decl":{"start":{"line":26,"column":4},"end":{"line":26,"column":null}},"loc":{"start":{"line":26,"column":4},"end":{"line":34,"column":1}}},"4":{"name":"(anonymous_11)","decl":{"start":{"line":36,"column":30},"end":{"line":36,"column":null}},"loc":{"start":{"line":39,"column":4},"end":{"line":47,"column":2}}},"5":{"name":"(anonymous_12)","decl":{"start":{"line":39,"column":4},"end":{"line":39,"column":null}},"loc":{"start":{"line":39,"column":4},"end":{"line":47,"column":1}}},"6":{"name":"(anonymous_13)","decl":{"start":{"line":49,"column":26},"end":{"line":49,"column":null}},"loc":{"start":{"line":52,"column":4},"end":{"line":60,"column":2}}},"7":{"name":"(anonymous_14)","decl":{"start":{"line":52,"column":4},"end":{"line":52,"column":null}},"loc":{"start":{"line":52,"column":4},"end":{"line":60,"column":1}}},"8":{"name":"(anonymous_15)","decl":{"start":{"line":62,"column":29},"end":{"line":62,"column":null}},"loc":{"start":{"line":65,"column":4},"end":{"line":76,"column":2}}},"9":{"name":"(anonymous_16)","decl":{"start":{"line":65,"column":4},"end":{"line":65,"column":null}},"loc":{"start":{"line":65,"column":4},"end":{"line":76,"column":1}}}},"branchMap":{},"s":{"0":1,"1":1,"2":1,"3":1,"4":1,"5":1,"6":0,"7":1,"8":1,"9":1,"10":1,"11":1,"12":1,"13":1,"14":0,"15":1,"16":1,"17":2,"18":2,"19":2,"20":2,"21":1,"22":1,"23":1,"24":1,"25":1,"26":1,"27":1,"28":1,"29":1,"30":0,"31":1,"32":1,"33":0,"34":0,"35":0,"36":0,"37":0,"38":0,"39":0,"40":1},"f":{"0":1,"1":1,"2":1,"3":1,"4":2,"5":2,"6":1,"7":1,"8":0,"9":0},"b":{}}
,"/Users/emmanuelcalle/Documents/coderhouse/42-tests/src/controllers/users.ts": {"path":"/Users/emmanuelcalle/Documents/coderhouse/42-tests/src/controllers/users.ts","statementMap":{"0":{"start":{"line":2,"column":0},"end":{"line":2,"column":32}},"1":{"start":{"line":3,"column":0},"end":{"line":3,"column":31}},"2":{"start":{"line":4,"column":0},"end":{"line":4,"column":65}},"3":{"start":{"line":5,"column":0},"end":{"line":5,"column":null}},"4":{"start":{"line":9,"column":0},"end":{"line":9,"column":44}},"5":{"start":{"line":10,"column":0},"end":{"line":10,"column":44}},"6":{"start":{"line":11,"column":0},"end":{"line":11,"column":50}},"7":{"start":{"line":12,"column":0},"end":{"line":12,"column":48}},"8":{"start":{"line":13,"column":0},"end":{"line":13,"column":37}},"9":{"start":{"line":15,"column":26},"end":{"line":17,"column":1}},"10":{"start":{"line":16,"column":2},"end":{"line":16,"column":27}},"11":{"start":{"line":15,"column":13},"end":{"line":15,"column":26}},"12":{"start":{"line":19,"column":25},"end":{"line":21,"column":1}},"13":{"start":{"line":20,"column":2},"end":{"line":20,"column":26}},"14":{"start":{"line":19,"column":13},"end":{"line":19,"column":25}},"15":{"start":{"line":23,"column":22},"end":{"line":40,"column":1}},"16":{"start":{"line":28,"column":2},"end":{"line":39,"column":21}},"17":{"start":{"line":29,"column":4},"end":{"line":29,"column":39}},"18":{"start":{"line":30,"column":4},"end":{"line":30,"column":33}},"19":{"start":{"line":31,"column":4},"end":{"line":38,"column":null}},"20":{"start":{"line":32,"column":6},"end":{"line":32,"column":23}},"21":{"start":{"line":33,"column":11},"end":{"line":38,"column":null}},"22":{"start":{"line":34,"column":6},"end":{"line":34,"column":50}},"23":{"start":{"line":36,"column":6},"end":{"line":36,"column":27}},"24":{"start":{"line":37,"column":6},"end":{"line":37,"column":39}},"25":{"start":{"line":23,"column":13},"end":{"line":23,"column":22}},"26":{"start":{"line":42,"column":21},"end":{"line":44,"column":1}},"27":{"start":{"line":43,"column":2},"end":{"line":43,"column":20}},"28":{"start":{"line":42,"column":13},"end":{"line":42,"column":21}},"29":{"start":{"line":46,"column":22},"end":{"line":57,"column":1}},"30":{"start":{"line":51,"column":2},"end":{"line":56,"column":5}},"31":{"start":{"line":52,"column":4},"end":{"line":54,"column":null}},"32":{"start":{"line":53,"column":6},"end":{"line":53,"column":23}},"33":{"start":{"line":55,"column":4},"end":{"line":55,"column":37}},"34":{"start":{"line":46,"column":13},"end":{"line":46,"column":22}},"35":{"start":{"line":59,"column":27},"end":{"line":70,"column":2}},"36":{"start":{"line":62,"column":4},"end":{"line":70,"column":2}},"37":{"start":{"line":63,"column":17},"end":{"line":63,"column":43}},"38":{"start":{"line":64,"column":15},"end":{"line":64,"column":59}},"39":{"start":{"line":65,"column":2},"end":{"line":69,"column":5}},"40":{"start":{"line":59,"column":13},"end":{"line":59,"column":27}},"41":{"start":{"line":72,"column":28},"end":{"line":99,"column":2}},"42":{"start":{"line":75,"column":4},"end":{"line":99,"column":2}},"43":{"start":{"line":76,"column":17},"end":{"line":76,"column":43}},"44":{"start":{"line":77,"column":15},"end":{"line":77,"column":59}},"45":{"start":{"line":78,"column":2},"end":{"line":84,"column":4}},"46":{"start":{"line":85,"column":2},"end":{"line":88,"column":4}},"47":{"start":{"line":89,"column":2},"end":{"line":94,"column":4}},"48":{"start":{"line":95,"column":2},"end":{"line":98,"column":5}},"49":{"start":{"line":72,"column":13},"end":{"line":72,"column":28}}},"fnMap":{"0":{"name":"(anonymous_8)","decl":{"start":{"line":15,"column":26},"end":{"line":15,"column":27}},"loc":{"start":{"line":15,"column":74},"end":{"line":17,"column":1}}},"1":{"name":"(anonymous_9)","decl":{"start":{"line":19,"column":25},"end":{"line":19,"column":26}},"loc":{"start":{"line":19,"column":73},"end":{"line":21,"column":1}}},"2":{"name":"(anonymous_10)","decl":{"start":{"line":23,"column":22},"end":{"line":23,"column":null}},"loc":{"start":{"line":27,"column":4},"end":{"line":40,"column":1}}},"3":{"name":"(anonymous_11)","decl":{"start":{"line":28,"column":34},"end":{"line":28,"column":35}},"loc":{"start":{"line":28,"column":54},"end":{"line":39,"column":3}}},"4":{"name":"(anonymous_12)","decl":{"start":{"line":42,"column":21},"end":{"line":42,"column":22}},"loc":{"start":{"line":42,"column":69},"end":{"line":44,"column":1}}},"5":{"name":"(anonymous_13)","decl":{"start":{"line":46,"column":22},"end":{"line":46,"column":null}},"loc":{"start":{"line":50,"column":4},"end":{"line":57,"column":1}}},"6":{"name":"(anonymous_14)","decl":{"start":{"line":51,"column":22},"end":{"line":51,"column":32}},"loc":{"start":{"line":51,"column":35},"end":{"line":56,"column":3}}},"7":{"name":"(anonymous_15)","decl":{"start":{"line":59,"column":27},"end":{"line":59,"column":null}},"loc":{"start":{"line":62,"column":4},"end":{"line":70,"column":2}}},"8":{"name":"(anonymous_16)","decl":{"start":{"line":62,"column":4},"end":{"line":62,"column":null}},"loc":{"start":{"line":62,"column":4},"end":{"line":70,"column":1}}},"9":{"name":"(anonymous_17)","decl":{"start":{"line":72,"column":28},"end":{"line":72,"column":null}},"loc":{"start":{"line":75,"column":4},"end":{"line":99,"column":2}}},"10":{"name":"(anonymous_18)","decl":{"start":{"line":75,"column":4},"end":{"line":75,"column":null}},"loc":{"start":{"line":75,"column":4},"end":{"line":99,"column":1}}}},"branchMap":{"0":{"loc":{"start":{"line":31,"column":4},"end":{"line":38,"column":null}},"type":"if","locations":[{"start":{"line":31,"column":4},"end":{"line":38,"column":null}},{"start":{"line":33,"column":11},"end":{"line":38,"column":null}}]},"1":{"loc":{"start":{"line":33,"column":11},"end":{"line":38,"column":null}},"type":"if","locations":[{"start":{"line":33,"column":11},"end":{"line":38,"column":null}},{"start":{"line":35,"column":11},"end":{"line":38,"column":null}}]},"2":{"loc":{"start":{"line":52,"column":4},"end":{"line":54,"column":null}},"type":"if","locations":[{"start":{"line":52,"column":4},"end":{"line":54,"column":null}}]},"3":{"loc":{"start":{"line":63,"column":17},"end":{"line":63,"column":43}},"type":"cond-expr","locations":[{"start":{"line":63,"column":37},"end":{"line":63,"column":39}},{"start":{"line":63,"column":37},"end":{"line":63,"column":43}}]},"4":{"loc":{"start":{"line":63,"column":17},"end":{"line":63,"column":39}},"type":"binary-expr","locations":[{"start":{"line":63,"column":17},"end":{"line":63,"column":39}},{"start":{"line":63,"column":37},"end":{"line":63,"column":39}}]},"5":{"loc":{"start":{"line":76,"column":17},"end":{"line":76,"column":43}},"type":"cond-expr","locations":[{"start":{"line":76,"column":37},"end":{"line":76,"column":39}},{"start":{"line":76,"column":37},"end":{"line":76,"column":43}}]},"6":{"loc":{"start":{"line":76,"column":17},"end":{"line":76,"column":39}},"type":"binary-expr","locations":[{"start":{"line":76,"column":17},"end":{"line":76,"column":39}},{"start":{"line":76,"column":37},"end":{"line":76,"column":39}}]}},"s":{"0":1,"1":1,"2":1,"3":1,"4":1,"5":1,"6":1,"7":1,"8":1,"9":1,"10":0,"11":1,"12":1,"13":0,"14":1,"15":1,"16":0,"17":0,"18":0,"19":0,"20":0,"21":0,"22":0,"23":0,"24":0,"25":1,"26":1,"27":0,"28":1,"29":1,"30":0,"31":0,"32":0,"33":0,"34":1,"35":1,"36":0,"37":0,"38":0,"39":0,"40":1,"41":1,"42":0,"43":0,"44":0,"45":0,"46":0,"47":0,"48":0,"49":1},"f":{"0":0,"1":0,"2":0,"3":0,"4":0,"5":0,"6":0,"7":0,"8":0,"9":0,"10":0},"b":{"0":[0,0],"1":[0,0],"2":[0],"3":[0,0],"4":[0,0],"5":[0,0],"6":[0,0]}}
,"/Users/emmanuelcalle/Documents/coderhouse/42-tests/src/helpers/userDataFromReqObj.ts": {"path":"/Users/emmanuelcalle/Documents/coderhouse/42-tests/src/helpers/userDataFromReqObj.ts","statementMap":{"0":{"start":{"line":1,"column":32},"end":{"line":4,"column":1}},"1":{"start":{"line":2,"column":19},"end":{"line":2,"column":27}},"2":{"start":{"line":3,"column":2},"end":{"line":3,"column":18}},"3":{"start":{"line":1,"column":13},"end":{"line":1,"column":32}}},"fnMap":{"0":{"name":"(anonymous_0)","decl":{"start":{"line":1,"column":32},"end":{"line":1,"column":33}},"loc":{"start":{"line":1,"column":45},"end":{"line":4,"column":1}}}},"branchMap":{},"s":{"0":1,"1":0,"2":0,"3":1},"f":{"0":0},"b":{}}
,"/Users/emmanuelcalle/Documents/coderhouse/42-tests/src/helpers/userProductsList.ts": {"path":"/Users/emmanuelcalle/Documents/coderhouse/42-tests/src/helpers/userProductsList.ts","statementMap":{"0":{"start":{"line":3,"column":35},"end":{"line":11,"column":1}},"1":{"start":{"line":4,"column":27},"end":{"line":4,"column":29}},"2":{"start":{"line":5,"column":2},"end":{"line":9,"column":5}},"3":{"start":{"line":6,"column":4},"end":{"line":8,"column":6}},"4":{"start":{"line":10,"column":2},"end":{"line":10,"column":32}},"5":{"start":{"line":3,"column":13},"end":{"line":3,"column":35}},"6":{"start":{"line":13,"column":38},"end":{"line":21,"column":1}},"7":{"start":{"line":14,"column":27},"end":{"line":14,"column":29}},"8":{"start":{"line":15,"column":2},"end":{"line":19,"column":5}},"9":{"start":{"line":16,"column":4},"end":{"line":18,"column":6}},"10":{"start":{"line":20,"column":2},"end":{"line":20,"column":32}},"11":{"start":{"line":13,"column":13},"end":{"line":13,"column":38}}},"fnMap":{"0":{"name":"(anonymous_0)","decl":{"start":{"line":3,"column":35},"end":{"line":3,"column":36}},"loc":{"start":{"line":3,"column":49},"end":{"line":11,"column":1}}},"1":{"name":"(anonymous_1)","decl":{"start":{"line":5,"column":15},"end":{"line":5,"column":16}},"loc":{"start":{"line":5,"column":29},"end":{"line":9,"column":3}}},"2":{"name":"(anonymous_2)","decl":{"start":{"line":13,"column":38},"end":{"line":13,"column":39}},"loc":{"start":{"line":13,"column":52},"end":{"line":21,"column":1}}},"3":{"name":"(anonymous_3)","decl":{"start":{"line":15,"column":15},"end":{"line":15,"column":16}},"loc":{"start":{"line":15,"column":29},"end":{"line":19,"column":3}}}},"branchMap":{},"s":{"0":1,"1":0,"2":0,"3":0,"4":0,"5":1,"6":1,"7":0,"8":0,"9":0,"10":0,"11":1},"f":{"0":0,"1":0,"2":0,"3":0},"b":{}}
,"/Users/emmanuelcalle/Documents/coderhouse/42-tests/src/middlewares/auth.ts": {"path":"/Users/emmanuelcalle/Documents/coderhouse/42-tests/src/middlewares/auth.ts","statementMap":{"0":{"start":{"line":2,"column":0},"end":{"line":2,"column":44}},"1":{"start":{"line":4,"column":26},"end":{"line":14,"column":1}},"2":{"start":{"line":9,"column":2},"end":{"line":9,"column":72}},"3":{"start":{"line":10,"column":2},"end":{"line":11,"column":71}},"4":{"start":{"line":11,"column":4},"end":{"line":11,"column":71}},"5":{"start":{"line":13,"column":2},"end":{"line":13,"column":9}},"6":{"start":{"line":4,"column":13},"end":{"line":4,"column":26}}},"fnMap":{"0":{"name":"(anonymous_0)","decl":{"start":{"line":4,"column":26},"end":{"line":4,"column":null}},"loc":{"start":{"line":8,"column":4},"end":{"line":14,"column":1}}}},"branchMap":{"0":{"loc":{"start":{"line":10,"column":2},"end":{"line":11,"column":71}},"type":"if","locations":[{"start":{"line":10,"column":2},"end":{"line":11,"column":71}}]}},"s":{"0":1,"1":1,"2":0,"3":0,"4":0,"5":0,"6":1},"f":{"0":0},"b":{"0":[0]}}
,"/Users/emmanuelcalle/Documents/coderhouse/42-tests/src/middlewares/checkBodyProduct.ts": {"path":"/Users/emmanuelcalle/Documents/coderhouse/42-tests/src/middlewares/checkBodyProduct.ts","statementMap":{"0":{"start":{"line":3,"column":32},"end":{"line":21,"column":2}},"1":{"start":{"line":7,"column":4},"end":{"line":21,"column":2}},"2":{"start":{"line":9,"column":4},"end":{"line":9,"column":12}},"3":{"start":{"line":10,"column":2},"end":{"line":19,"column":null}},"4":{"start":{"line":18,"column":4},"end":{"line":18,"column":64}},"5":{"start":{"line":20,"column":2},"end":{"line":20,"column":9}},"6":{"start":{"line":3,"column":13},"end":{"line":3,"column":32}}},"fnMap":{"0":{"name":"(anonymous_7)","decl":{"start":{"line":3,"column":32},"end":{"line":3,"column":null}},"loc":{"start":{"line":7,"column":4},"end":{"line":21,"column":2}}},"1":{"name":"(anonymous_8)","decl":{"start":{"line":7,"column":4},"end":{"line":7,"column":null}},"loc":{"start":{"line":7,"column":4},"end":{"line":21,"column":1}}}},"branchMap":{"0":{"loc":{"start":{"line":10,"column":2},"end":{"line":19,"column":null}},"type":"if","locations":[{"start":{"line":10,"column":2},"end":{"line":19,"column":null}}]},"1":{"loc":{"start":{"line":11,"column":4},"end":{"line":16,"column":17}},"type":"binary-expr","locations":[{"start":{"line":11,"column":4},"end":{"line":11,"column":9}},{"start":{"line":12,"column":4},"end":{"line":12,"column":16}},{"start":{"line":13,"column":4},"end":{"line":13,"column":10}},{"start":{"line":14,"column":4},"end":{"line":14,"column":10}},{"start":{"line":15,"column":4},"end":{"line":15,"column":15}},{"start":{"line":16,"column":4},"end":{"line":16,"column":17}}]}},"s":{"0":1,"1":3,"2":3,"3":3,"4":2,"5":1,"6":1},"f":{"0":3,"1":3},"b":{"0":[2],"1":[3,2,2,2,2,1]}}
,"/Users/emmanuelcalle/Documents/coderhouse/42-tests/src/middlewares/isAdmin.ts": {"path":"/Users/emmanuelcalle/Documents/coderhouse/42-tests/src/middlewares/isAdmin.ts","statementMap":{"0":{"start":{"line":2,"column":0},"end":{"line":2,"column":65}},"1":{"start":{"line":9,"column":2},"end":{"line":15,"column":null}},"2":{"start":{"line":10,"column":4},"end":{"line":10,"column":58}},"3":{"start":{"line":11,"column":9},"end":{"line":15,"column":null}},"4":{"start":{"line":12,"column":4},"end":{"line":12,"column":11}},"5":{"start":{"line":14,"column":4},"end":{"line":14,"column":76}},"6":{"start":{"line":18,"column":9},"end":{"line":18,"column":16}}},"fnMap":{"0":{"name":"isAdmin","decl":{"start":{"line":4,"column":9},"end":{"line":4,"column":16}},"loc":{"start":{"line":7,"column":28},"end":{"line":16,"column":1}}}},"branchMap":{"0":{"loc":{"start":{"line":9,"column":2},"end":{"line":15,"column":null}},"type":"if","locations":[{"start":{"line":9,"column":2},"end":{"line":15,"column":null}},{"start":{"line":11,"column":9},"end":{"line":15,"column":null}}]},"1":{"loc":{"start":{"line":11,"column":9},"end":{"line":15,"column":null}},"type":"if","locations":[{"start":{"line":11,"column":9},"end":{"line":15,"column":null}},{"start":{"line":13,"column":9},"end":{"line":15,"column":null}}]}},"s":{"0":1,"1":0,"2":0,"3":0,"4":0,"5":0,"6":1},"f":{"0":0},"b":{"0":[0,0],"1":[0,0]}}
,"/Users/emmanuelcalle/Documents/coderhouse/42-tests/src/middlewares/validateFields.ts": {"path":"/Users/emmanuelcalle/Documents/coderhouse/42-tests/src/middlewares/validateFields.ts","statementMap":{"0":{"start":{"line":3,"column":23},"end":{"line":13,"column":1}},"1":{"start":{"line":8,"column":33},"end":{"line":8,"column":41}},"2":{"start":{"line":9,"column":2},"end":{"line":11,"column":null}},"3":{"start":{"line":10,"column":4},"end":{"line":10,"column":36}},"4":{"start":{"line":12,"column":2},"end":{"line":12,"column":9}},"5":{"start":{"line":15,"column":0},"end":{"line":15,"column":30}}},"fnMap":{"0":{"name":"(anonymous_0)","decl":{"start":{"line":3,"column":23},"end":{"line":3,"column":null}},"loc":{"start":{"line":7,"column":4},"end":{"line":13,"column":1}}}},"branchMap":{"0":{"loc":{"start":{"line":9,"column":2},"end":{"line":11,"column":null}},"type":"if","locations":[{"start":{"line":9,"column":2},"end":{"line":11,"column":null}}]},"1":{"loc":{"start":{"line":9,"column":6},"end":{"line":9,"column":28}},"type":"binary-expr","locations":[{"start":{"line":9,"column":6},"end":{"line":9,"column":15}},{"start":{"line":9,"column":19},"end":{"line":9,"column":28}}]}},"s":{"0":1,"1":0,"2":0,"3":0,"4":0,"5":1},"f":{"0":0},"b":{"0":[0],"1":[0,0]}}
,"/Users/emmanuelcalle/Documents/coderhouse/42-tests/src/models/carts.ts": {"path":"/Users/emmanuelcalle/Documents/coderhouse/42-tests/src/models/carts.ts","statementMap":{"0":{"start":{"line":1,"column":17},"end":{"line":1,"column":36}},"1":{"start":{"line":3,"column":24},"end":{"line":3,"column":31}},"2":{"start":{"line":5,"column":19},"end":{"line":10,"column":null}},"3":{"start":{"line":13,"column":18},"end":{"line":13,"column":61}},"4":{"start":{"line":15,"column":9},"end":{"line":15,"column":18}}},"fnMap":{},"branchMap":{},"s":{"0":1,"1":1,"2":1,"3":1,"4":1},"f":{},"b":{}}
,"/Users/emmanuelcalle/Documents/coderhouse/42-tests/src/models/products.ts": {"path":"/Users/emmanuelcalle/Documents/coderhouse/42-tests/src/models/products.ts","statementMap":{"0":{"start":{"line":1,"column":17},"end":{"line":1,"column":36}},"1":{"start":{"line":3,"column":27},"end":{"line":3,"column":37}},"2":{"start":{"line":5,"column":22},"end":{"line":14,"column":null}},"3":{"start":{"line":17,"column":21},"end":{"line":17,"column":70}},"4":{"start":{"line":19,"column":9},"end":{"line":19,"column":21}}},"fnMap":{},"branchMap":{},"s":{"0":1,"1":1,"2":1,"3":1,"4":1},"f":{},"b":{}}
,"/Users/emmanuelcalle/Documents/coderhouse/42-tests/src/models/users.ts": {"path":"/Users/emmanuelcalle/Documents/coderhouse/42-tests/src/models/users.ts","statementMap":{"0":{"start":{"line":1,"column":17},"end":{"line":1,"column":36}},"1":{"start":{"line":2,"column":0},"end":{"line":2,"column":28}},"2":{"start":{"line":4,"column":0},"end":{"line":4,"column":44}},"3":{"start":{"line":6,"column":24},"end":{"line":6,"column":31}},"4":{"start":{"line":8,"column":19},"end":{"line":18,"column":null}},"5":{"start":{"line":24,"column":0},"end":{"line":36,"column":2}},"6":{"start":{"line":27,"column":17},"end":{"line":27,"column":21}},"7":{"start":{"line":28,"column":17},"end":{"line":28,"column":53}},"8":{"start":{"line":29,"column":4},"end":{"line":29,"column":36}},"9":{"start":{"line":30,"column":4},"end":{"line":30,"column":25}},"10":{"start":{"line":31,"column":4},"end":{"line":31,"column":30}},"11":{"start":{"line":32,"column":4},"end":{"line":32,"column":35}},"12":{"start":{"line":33,"column":4},"end":{"line":33,"column":35}},"13":{"start":{"line":34,"column":4},"end":{"line":34,"column":11}},"14":{"start":{"line":41,"column":0},"end":{"line":45,"column":2}},"15":{"start":{"line":42,"column":15},"end":{"line":42,"column":19}},"16":{"start":{"line":43,"column":18},"end":{"line":43,"column":63}},"17":{"start":{"line":44,"column":2},"end":{"line":44,"column":17}},"18":{"start":{"line":47,"column":18},"end":{"line":47,"column":61}},"19":{"start":{"line":49,"column":9},"end":{"line":49,"column":18}}},"fnMap":{"0":{"name":"(anonymous_8)","decl":{"start":{"line":26,"column":2},"end":{"line":26,"column":43}},"loc":{"start":{"line":26,"column":69},"end":{"line":35,"column":null}}},"1":{"name":"(anonymous_10)","decl":{"start":{"line":41,"column":37},"end":{"line":41,"column":53}},"loc":{"start":{"line":41,"column":66},"end":{"line":45,"column":2}}}},"branchMap":{},"s":{"0":1,"1":1,"2":1,"3":1,"4":1,"5":1,"6":0,"7":0,"8":0,"9":0,"10":0,"11":0,"12":0,"13":0,"14":1,"15":0,"16":0,"17":0,"18":1,"19":1},"f":{"0":0,"1":0},"b":{}}
,"/Users/emmanuelcalle/Documents/coderhouse/42-tests/src/routes/cartRouter.ts": {"path":"/Users/emmanuelcalle/Documents/coderhouse/42-tests/src/routes/cartRouter.ts","statementMap":{"0":{"start":{"line":1,"column":0},"end":{"line":1,"column":30}},"1":{"start":{"line":2,"column":19},"end":{"line":2,"column":35}},"2":{"start":{"line":26,"column":9},"end":{"line":26,"column":19}},"3":{"start":{"line":3,"column":0},"end":{"line":3,"column":49}},"4":{"start":{"line":4,"column":0},"end":{"line":4,"column":49}},"5":{"start":{"line":5,"column":0},"end":{"line":5,"column":null}},"6":{"start":{"line":11,"column":0},"end":{"line":11,"column":56}},"7":{"start":{"line":13,"column":0},"end":{"line":13,"column":63}},"8":{"start":{"line":14,"column":0},"end":{"line":14,"column":78}},"9":{"start":{"line":15,"column":0},"end":{"line":19,"column":2}},"10":{"start":{"line":20,"column":0},"end":{"line":24,"column":2}}},"fnMap":{},"branchMap":{},"s":{"0":1,"1":1,"2":1,"3":1,"4":1,"5":1,"6":1,"7":1,"8":1,"9":1,"10":1},"f":{},"b":{}}
,"/Users/emmanuelcalle/Documents/coderhouse/42-tests/src/routes/mainRouter.ts": {"path":"/Users/emmanuelcalle/Documents/coderhouse/42-tests/src/routes/mainRouter.ts","statementMap":{"0":{"start":{"line":1,"column":0},"end":{"line":1,"column":30}},"1":{"start":{"line":2,"column":19},"end":{"line":2,"column":35}},"2":{"start":{"line":18,"column":9},"end":{"line":18,"column":19}},"3":{"start":{"line":3,"column":0},"end":{"line":3,"column":50}},"4":{"start":{"line":4,"column":0},"end":{"line":4,"column":42}},"5":{"start":{"line":5,"column":0},"end":{"line":5,"column":42}},"6":{"start":{"line":6,"column":0},"end":{"line":6,"column":49}},"7":{"start":{"line":8,"column":0},"end":{"line":12,"column":3}},"8":{"start":{"line":9,"column":2},"end":{"line":11,"column":5}},"9":{"start":{"line":14,"column":0},"end":{"line":14,"column":44}},"10":{"start":{"line":15,"column":0},"end":{"line":15,"column":37}},"11":{"start":{"line":16,"column":0},"end":{"line":16,"column":37}}},"fnMap":{"0":{"name":"(anonymous_1)","decl":{"start":{"line":8,"column":32},"end":{"line":8,"column":33}},"loc":{"start":{"line":8,"column":45},"end":{"line":12,"column":1}}}},"branchMap":{},"s":{"0":1,"1":1,"2":1,"3":1,"4":1,"5":1,"6":1,"7":1,"8":0,"9":1,"10":1,"11":1},"f":{"0":0},"b":{}}
,"/Users/emmanuelcalle/Documents/coderhouse/42-tests/src/routes/productsRouter.ts": {"path":"/Users/emmanuelcalle/Documents/coderhouse/42-tests/src/routes/productsRouter.ts","statementMap":{"0":{"start":{"line":1,"column":0},"end":{"line":1,"column":30}},"1":{"start":{"line":2,"column":23},"end":{"line":2,"column":39}},"2":{"start":{"line":24,"column":9},"end":{"line":24,"column":23}},"3":{"start":{"line":4,"column":0},"end":{"line":4,"column":null}},"4":{"start":{"line":11,"column":0},"end":{"line":11,"column":67}},"5":{"start":{"line":12,"column":0},"end":{"line":12,"column":56}},"6":{"start":{"line":14,"column":0},"end":{"line":14,"column":61}},"7":{"start":{"line":15,"column":0},"end":{"line":15,"column":79}},"8":{"start":{"line":16,"column":0},"end":{"line":16,"column":64}},"9":{"start":{"line":17,"column":0},"end":{"line":17,"column":63}},"10":{"start":{"line":18,"column":0},"end":{"line":22,"column":2}}},"fnMap":{},"branchMap":{},"s":{"0":1,"1":1,"2":1,"3":1,"4":1,"5":1,"6":1,"7":1,"8":1,"9":1,"10":1},"f":{},"b":{}}
,"/Users/emmanuelcalle/Documents/coderhouse/42-tests/src/routes/userRouter.ts": {"path":"/Users/emmanuelcalle/Documents/coderhouse/42-tests/src/routes/userRouter.ts","statementMap":{"0":{"start":{"line":1,"column":0},"end":{"line":1,"column":30}},"1":{"start":{"line":2,"column":0},"end":{"line":2,"column":32}},"2":{"start":{"line":3,"column":0},"end":{"line":3,"column":null}},"3":{"start":{"line":12,"column":0},"end":{"line":12,"column":49}},"4":{"start":{"line":13,"column":0},"end":{"line":13,"column":59}},"5":{"start":{"line":14,"column":0},"end":{"line":14,"column":56}},"6":{"start":{"line":16,"column":19},"end":{"line":16,"column":35}},"7":{"start":{"line":30,"column":9},"end":{"line":30,"column":19}},"8":{"start":{"line":18,"column":0},"end":{"line":18,"column":38}},"9":{"start":{"line":19,"column":0},"end":{"line":19,"column":36}},"10":{"start":{"line":20,"column":0},"end":{"line":20,"column":72}},"11":{"start":{"line":21,"column":0},"end":{"line":25,"column":2}},"12":{"start":{"line":26,"column":0},"end":{"line":26,"column":56}},"13":{"start":{"line":27,"column":0},"end":{"line":27,"column":75}},"14":{"start":{"line":28,"column":0},"end":{"line":28,"column":75}}},"fnMap":{},"branchMap":{},"s":{"0":1,"1":1,"2":1,"3":1,"4":1,"5":1,"6":1,"7":1,"8":1,"9":1,"10":1,"11":1,"12":1,"13":1,"14":1},"f":{},"b":{}}
,"/Users/emmanuelcalle/Documents/coderhouse/42-tests/src/services/auth.ts": {"path":"/Users/emmanuelcalle/Documents/coderhouse/42-tests/src/services/auth.ts","statementMap":{"0":{"start":{"line":1,"column":0},"end":{"line":1,"column":32}},"1":{"start":{"line":2,"column":0},"end":{"line":2,"column":null}},"2":{"start":{"line":7,"column":0},"end":{"line":7,"column":31}},"3":{"start":{"line":8,"column":0},"end":{"line":8,"column":44}},"4":{"start":{"line":9,"column":0},"end":{"line":9,"column":34}},"5":{"start":{"line":10,"column":0},"end":{"line":10,"column":40}},"6":{"start":{"line":12,"column":53},"end":{"line":16,"column":2}},"7":{"start":{"line":25,"column":41},"end":{"line":41,"column":2}},"8":{"start":{"line":30,"column":4},"end":{"line":41,"column":2}},"9":{"start":{"line":31,"column":2},"end":{"line":31,"column":26}},"10":{"start":{"line":32,"column":15},"end":{"line":32,"column":52}},"11":{"start":{"line":33,"column":2},"end":{"line":33,"column":33}},"12":{"start":{"line":34,"column":2},"end":{"line":34,"column":23}},"13":{"start":{"line":36,"column":2},"end":{"line":38,"column":null}},"14":{"start":{"line":37,"column":4},"end":{"line":37,"column":71}},"15":{"start":{"line":39,"column":2},"end":{"line":39,"column":64}},"16":{"start":{"line":40,"column":2},"end":{"line":40,"column":26}},"17":{"start":{"line":49,"column":42},"end":{"line":95,"column":2}},"18":{"start":{"line":54,"column":4},"end":{"line":95,"column":2}},"19":{"start":{"line":55,"column":2},"end":{"line":94,"column":null}},"20":{"start":{"line":56,"column":4},"end":{"line":56,"column":39}},"21":{"start":{"line":57,"column":62},"end":{"line":57,"column":70}},"22":{"start":{"line":58,"column":4},"end":{"line":58,"column":69}},"23":{"start":{"line":65,"column":18},"end":{"line":67,"column":6}},"24":{"start":{"line":69,"column":17},"end":{"line":69,"column":47}},"25":{"start":{"line":71,"column":4},"end":{"line":91,"column":null}},"26":{"start":{"line":72,"column":6},"end":{"line":72,"column":44}},"27":{"start":{"line":73,"column":6},"end":{"line":73,"column":27}},"28":{"start":{"line":74,"column":6},"end":{"line":74,"column":67}},"29":{"start":{"line":76,"column":23},"end":{"line":83,"column":8}},"30":{"start":{"line":84,"column":22},"end":{"line":84,"column":54}},"31":{"start":{"line":85,"column":6},"end":{"line":89,"column":8}},"32":{"start":{"line":90,"column":6},"end":{"line":90,"column":33}},"33":{"start":{"line":93,"column":4},"end":{"line":93,"column":16}},"34":{"start":{"line":97,"column":13},"end":{"line":97,"column":62}},"35":{"start":{"line":98,"column":13},"end":{"line":98,"column":64}},"36":{"start":{"line":107,"column":0},"end":{"line":111,"column":3}},"37":{"start":{"line":108,"column":2},"end":{"line":108,"column":48}},"38":{"start":{"line":110,"column":2},"end":{"line":110,"column":23}},"39":{"start":{"line":116,"column":0},"end":{"line":123,"column":3}},"40":{"start":{"line":117,"column":2},"end":{"line":117,"column":51}},"41":{"start":{"line":120,"column":2},"end":{"line":122,"column":5}},"42":{"start":{"line":121,"column":4},"end":{"line":121,"column":28}}},"fnMap":{"0":{"name":"(anonymous_8)","decl":{"start":{"line":25,"column":41},"end":{"line":25,"column":null}},"loc":{"start":{"line":30,"column":4},"end":{"line":41,"column":2}}},"1":{"name":"(anonymous_9)","decl":{"start":{"line":30,"column":4},"end":{"line":30,"column":null}},"loc":{"start":{"line":30,"column":4},"end":{"line":41,"column":1}}},"2":{"name":"(anonymous_10)","decl":{"start":{"line":49,"column":42},"end":{"line":49,"column":null}},"loc":{"start":{"line":54,"column":4},"end":{"line":95,"column":2}}},"3":{"name":"(anonymous_11)","decl":{"start":{"line":54,"column":4},"end":{"line":54,"column":null}},"loc":{"start":{"line":54,"column":4},"end":{"line":95,"column":1}}},"4":{"name":"(anonymous_12)","decl":{"start":{"line":107,"column":23},"end":{"line":107,"column":24}},"loc":{"start":{"line":107,"column":43},"end":{"line":111,"column":1}}},"5":{"name":"(anonymous_13)","decl":{"start":{"line":116,"column":25},"end":{"line":116,"column":26}},"loc":{"start":{"line":116,"column":42},"end":{"line":123,"column":1}}},"6":{"name":"(anonymous_14)","decl":{"start":{"line":120,"column":34},"end":{"line":120,"column":35}},"loc":{"start":{"line":120,"column":48},"end":{"line":122,"column":3}}}},"branchMap":{"0":{"loc":{"start":{"line":36,"column":2},"end":{"line":38,"column":null}},"type":"if","locations":[{"start":{"line":36,"column":2},"end":{"line":38,"column":null}}]},"1":{"loc":{"start":{"line":36,"column":6},"end":{"line":36,"column":63}},"type":"binary-expr","locations":[{"start":{"line":36,"column":6},"end":{"line":36,"column":11}},{"start":{"line":36,"column":15},"end":{"line":36,"column":63}}]},"2":{"loc":{"start":{"line":71,"column":4},"end":{"line":91,"column":null}},"type":"if","locations":[{"start":{"line":71,"column":4},"end":{"line":91,"column":null}},{"start":{"line":75,"column":11},"end":{"line":91,"column":null}}]}},"s":{"0":1,"1":1,"2":1,"3":1,"4":1,"5":1,"6":1,"7":1,"8":0,"9":0,"10":0,"11":0,"12":0,"13":0,"14":0,"15":0,"16":0,"17":1,"18":0,"19":0,"20":0,"21":0,"22":0,"23":0,"24":0,"25":0,"26":0,"27":0,"28":0,"29":0,"30":0,"31":0,"32":0,"33":0,"34":1,"35":1,"36":1,"37":0,"38":0,"39":1,"40":0,"41":0,"42":0},"f":{"0":0,"1":0,"2":0,"3":0,"4":0,"5":0,"6":0},"b":{"0":[0],"1":[0,0],"2":[0,0]}}
,"/Users/emmanuelcalle/Documents/coderhouse/42-tests/src/services/database.ts": {"path":"/Users/emmanuelcalle/Documents/coderhouse/42-tests/src/services/database.ts","statementMap":{"0":{"start":{"line":1,"column":17},"end":{"line":1,"column":36}},"1":{"start":{"line":2,"column":0},"end":{"line":2,"column":31}},"2":{"start":{"line":3,"column":0},"end":{"line":3,"column":34}},"3":{"start":{"line":5,"column":20},"end":{"line":15,"column":2}},"4":{"start":{"line":5,"column":31},"end":{"line":15,"column":2}},"5":{"start":{"line":6,"column":2},"end":{"line":14,"column":null}},"6":{"start":{"line":7,"column":4},"end":{"line":7,"column":59}},"7":{"start":{"line":8,"column":4},"end":{"line":8,"column":65}},"8":{"start":{"line":9,"column":4},"end":{"line":9,"column":46}},"9":{"start":{"line":10,"column":4},"end":{"line":10,"column":77}},"10":{"start":{"line":12,"column":4},"end":{"line":12,"column":51}},"11":{"start":{"line":13,"column":4},"end":{"line":13,"column":15}},"12":{"start":{"line":28,"column":9},"end":{"line":28,"column":20}},"13":{"start":{"line":17,"column":26},"end":{"line":26,"column":2}},"14":{"start":{"line":17,"column":37},"end":{"line":26,"column":2}},"15":{"start":{"line":18,"column":2},"end":{"line":25,"column":null}},"16":{"start":{"line":19,"column":4},"end":{"line":19,"column":50}},"17":{"start":{"line":20,"column":4},"end":{"line":20,"column":32}},"18":{"start":{"line":21,"column":4},"end":{"line":21,"column":49}},"19":{"start":{"line":23,"column":4},"end":{"line":23,"column":51}},"20":{"start":{"line":24,"column":4},"end":{"line":24,"column":15}},"21":{"start":{"line":28,"column":22},"end":{"line":28,"column":39}}},"fnMap":{"0":{"name":"(anonymous_8)","decl":{"start":{"line":5,"column":20},"end":{"line":5,"column":29}},"loc":{"start":{"line":5,"column":31},"end":{"line":15,"column":2}}},"1":{"name":"(anonymous_9)","decl":{"start":{"line":5,"column":31},"end":{"line":5,"column":null}},"loc":{"start":{"line":5,"column":31},"end":{"line":15,"column":1}}},"2":{"name":"(anonymous_10)","decl":{"start":{"line":17,"column":26},"end":{"line":17,"column":35}},"loc":{"start":{"line":17,"column":37},"end":{"line":26,"column":2}}},"3":{"name":"(anonymous_11)","decl":{"start":{"line":17,"column":37},"end":{"line":17,"column":null}},"loc":{"start":{"line":17,"column":37},"end":{"line":26,"column":1}}}},"branchMap":{},"s":{"0":1,"1":1,"2":1,"3":1,"4":1,"5":1,"6":1,"7":1,"8":1,"9":1,"10":0,"11":0,"12":1,"13":1,"14":1,"15":1,"16":1,"17":1,"18":1,"19":0,"20":0,"21":1},"f":{"0":1,"1":1,"2":1,"3":1},"b":{}}
,"/Users/emmanuelcalle/Documents/coderhouse/42-tests/src/services/logger.ts": {"path":"/Users/emmanuelcalle/Documents/coderhouse/42-tests/src/services/logger.ts","statementMap":{"0":{"start":{"line":2,"column":0},"end":{"line":2,"column":30}},"1":{"start":{"line":4,"column":19},"end":{"line":4,"column":26}},"2":{"start":{"line":5,"column":49},"end":{"line":5,"column":55}},"3":{"start":{"line":14,"column":30},"end":{"line":33,"column":2}},"4":{"start":{"line":21,"column":21},"end":{"line":21,"column":72}},"5":{"start":{"line":35,"column":13},"end":{"line":35,"column":61}}},"fnMap":{"0":{"name":"(anonymous_1)","decl":{"start":{"line":21,"column":11},"end":{"line":21,"column":12}},"loc":{"start":{"line":21,"column":21},"end":{"line":21,"column":72}}}},"branchMap":{},"s":{"0":1,"1":1,"2":1,"3":1,"4":7,"5":1},"f":{"0":7},"b":{}}
,"/Users/emmanuelcalle/Documents/coderhouse/42-tests/src/services/mailer.ts": {"path":"/Users/emmanuelcalle/Documents/coderhouse/42-tests/src/services/mailer.ts","statementMap":{"0":{"start":{"line":1,"column":0},"end":{"line":1,"column":31}},"1":{"start":{"line":2,"column":0},"end":{"line":2,"column":36}},"2":{"start":{"line":3,"column":0},"end":{"line":3,"column":34}},"3":{"start":{"line":10,"column":4},"end":{"line":13,"column":6}},"4":{"start":{"line":15,"column":4},"end":{"line":23,"column":7}},"5":{"start":{"line":25,"column":4},"end":{"line":25,"column":77}},"6":{"start":{"line":25,"column":41},"end":{"line":25,"column":75}},"7":{"start":{"line":29,"column":24},"end":{"line":34,"column":6}},"8":{"start":{"line":36,"column":21},"end":{"line":36,"column":65}},"9":{"start":{"line":37,"column":4},"end":{"line":37,"column":20}},"10":{"start":{"line":41,"column":13},"end":{"line":41,"column":40}}},"fnMap":{"0":{"name":"(anonymous_8)","decl":{"start":{"line":9,"column":2},"end":{"line":9,"column":null}},"loc":{"start":{"line":9,"column":2},"end":{"line":26,"column":3}}},"1":{"name":"(anonymous_9)","decl":{"start":{"line":25,"column":35},"end":{"line":25,"column":38}},"loc":{"start":{"line":25,"column":41},"end":{"line":25,"column":75}}},"2":{"name":"(anonymous_10)","decl":{"start":{"line":28,"column":8},"end":{"line":28,"column":17}},"loc":{"start":{"line":28,"column":64},"end":{"line":38,"column":null}}}},"branchMap":{},"s":{"0":1,"1":1,"2":1,"3":1,"4":1,"5":1,"6":1,"7":0,"8":0,"9":0,"10":1},"f":{"0":1,"1":1,"2":0},"b":{}}
,"/Users/emmanuelcalle/Documents/coderhouse/42-tests/src/services/server.ts": {"path":"/Users/emmanuelcalle/Documents/coderhouse/42-tests/src/services/server.ts","statementMap":{"0":{"start":{"line":1,"column":0},"end":{"line":1,"column":30}},"1":{"start":{"line":2,"column":12},"end":{"line":2,"column":21}},"2":{"start":{"line":3,"column":0},"end":{"line":3,"column":29}},"3":{"start":{"line":4,"column":0},"end":{"line":4,"column":50}},"4":{"start":{"line":5,"column":0},"end":{"line":5,"column":41}},"5":{"start":{"line":6,"column":0},"end":{"line":6,"column":31}},"6":{"start":{"line":7,"column":0},"end":{"line":7,"column":32}},"7":{"start":{"line":8,"column":0},"end":{"line":8,"column":38}},"8":{"start":{"line":9,"column":0},"end":{"line":9,"column":41}},"9":{"start":{"line":10,"column":0},"end":{"line":10,"column":47}},"10":{"start":{"line":11,"column":0},"end":{"line":11,"column":49}},"11":{"start":{"line":12,"column":0},"end":{"line":12,"column":34}},"12":{"start":{"line":13,"column":0},"end":{"line":13,"column":28}},"13":{"start":{"line":14,"column":0},"end":{"line":14,"column":53}},"14":{"start":{"line":16,"column":0},"end":{"line":16,"column":24}},"15":{"start":{"line":17,"column":0},"end":{"line":17,"column":48}},"16":{"start":{"line":18,"column":0},"end":{"line":18,"column":34}},"17":{"start":{"line":19,"column":0},"end":{"line":19,"column":30}},"18":{"start":{"line":20,"column":0},"end":{"line":20,"column":28}},"19":{"start":{"line":22,"column":0},"end":{"line":22,"column":24}},"20":{"start":{"line":23,"column":0},"end":{"line":23,"column":31}},"21":{"start":{"line":26,"column":0},"end":{"line":26,"column":18}},"22":{"start":{"line":29,"column":0},"end":{"line":29,"column":31}},"23":{"start":{"line":31,"column":0},"end":{"line":31,"column":28}},"24":{"start":{"line":34,"column":0},"end":{"line":34,"column":33}},"25":{"start":{"line":36,"column":0},"end":{"line":36,"column":35}},"26":{"start":{"line":38,"column":0},"end":{"line":38,"column":28}},"27":{"start":{"line":40,"column":0},"end":{"line":42,"column":3}},"28":{"start":{"line":41,"column":2},"end":{"line":41,"column":25}},"29":{"start":{"line":44,"column":0},"end":{"line":48,"column":3}},"30":{"start":{"line":45,"column":2},"end":{"line":47,"column":5}},"31":{"start":{"line":50,"column":13},"end":{"line":50,"column":49}},"32":{"start":{"line":52,"column":13},"end":{"line":57,"column":3}},"33":{"start":{"line":53,"column":2},"end":{"line":53,"column":7}},"34":{"start":{"line":54,"column":2},"end":{"line":56,"column":4}},"35":{"start":{"line":59,"column":11},"end":{"line":61,"column":2}},"36":{"start":{"line":59,"column":22},"end":{"line":61,"column":2}},"37":{"start":{"line":60,"column":2},"end":{"line":60,"column":22}},"38":{"start":{"line":63,"column":0},"end":{"line":65,"column":3}},"39":{"start":{"line":64,"column":2},"end":{"line":64,"column":31}}},"fnMap":{"0":{"name":"(anonymous_14)","decl":{"start":{"line":40,"column":25},"end":{"line":40,"column":26}},"loc":{"start":{"line":40,"column":38},"end":{"line":42,"column":1}}},"1":{"name":"(anonymous_15)","decl":{"start":{"line":44,"column":8},"end":{"line":44,"column":9}},"loc":{"start":{"line":44,"column":21},"end":{"line":48,"column":1}}},"2":{"name":"(anonymous_16)","decl":{"start":{"line":52,"column":46},"end":{"line":52,"column":49}},"loc":{"start":{"line":52,"column":51},"end":{"line":57,"column":1}}},"3":{"name":"(anonymous_17)","decl":{"start":{"line":59,"column":11},"end":{"line":59,"column":20}},"loc":{"start":{"line":59,"column":22},"end":{"line":61,"column":2}}},"4":{"name":"(anonymous_18)","decl":{"start":{"line":59,"column":22},"end":{"line":59,"column":null}},"loc":{"start":{"line":59,"column":22},"end":{"line":61,"column":1}}},"5":{"name":"(anonymous_19)","decl":{"start":{"line":63,"column":19},"end":{"line":63,"column":20}},"loc":{"start":{"line":63,"column":27},"end":{"line":65,"column":1}}}},"branchMap":{},"s":{"0":1,"1":1,"2":1,"3":1,"4":1,"5":1,"6":1,"7":1,"8":1,"9":1,"10":1,"11":1,"12":1,"13":1,"14":1,"15":1,"16":1,"17":1,"18":1,"19":1,"20":1,"21":1,"22":1,"23":1,"24":1,"25":1,"26":1,"27":1,"28":0,"29":1,"30":1,"31":1,"32":1,"33":1,"34":1,"35":1,"36":1,"37":1,"38":1,"39":1},"f":{"0":0,"1":1,"2":1,"3":1,"4":1,"5":1},"b":{}}
,"/Users/emmanuelcalle/Documents/coderhouse/42-tests/src/services/twilio.ts": {"path":"/Users/emmanuelcalle/Documents/coderhouse/42-tests/src/services/twilio.ts","statementMap":{"0":{"start":{"line":1,"column":0},"end":{"line":1,"column":31}},"1":{"start":{"line":2,"column":0},"end":{"line":2,"column":28}},"2":{"start":{"line":4,"column":0},"end":{"line":4,"column":34}},"3":{"start":{"line":10,"column":4},"end":{"line":10,"column":73}},"4":{"start":{"line":14,"column":4},"end":{"line":17,"column":null}},"5":{"start":{"line":16,"column":6},"end":{"line":16,"column":42}},"6":{"start":{"line":18,"column":19},"end":{"line":22,"column":6}},"7":{"start":{"line":24,"column":21},"end":{"line":24,"column":62}},"8":{"start":{"line":25,"column":4},"end":{"line":25,"column":20}},"9":{"start":{"line":33,"column":4},"end":{"line":45,"column":null}},"10":{"start":{"line":34,"column":55},"end":{"line":38,"column":8}},"11":{"start":{"line":39,"column":6},"end":{"line":39,"column":76}},"12":{"start":{"line":40,"column":6},"end":{"line":40,"column":47}},"13":{"start":{"line":40,"column":19},"end":{"line":40,"column":47}},"14":{"start":{"line":41,"column":23},"end":{"line":41,"column":64}},"15":{"start":{"line":42,"column":6},"end":{"line":42,"column":22}},"16":{"start":{"line":44,"column":6},"end":{"line":44,"column":42}},"17":{"start":{"line":49,"column":13},"end":{"line":49,"column":39}}},"fnMap":{"0":{"name":"(anonymous_8)","decl":{"start":{"line":9,"column":2},"end":{"line":9,"column":null}},"loc":{"start":{"line":9,"column":2},"end":{"line":11,"column":3}}},"1":{"name":"(anonymous_9)","decl":{"start":{"line":13,"column":8},"end":{"line":13,"column":19}},"loc":{"start":{"line":13,"column":60},"end":{"line":26,"column":null}}},"2":{"name":"(anonymous_11)","decl":{"start":{"line":28,"column":8},"end":{"line":28,"column":27}},"loc":{"start":{"line":31,"column":20},"end":{"line":46,"column":null}}}},"branchMap":{"0":{"loc":{"start":{"line":40,"column":6},"end":{"line":40,"column":47}},"type":"if","locations":[{"start":{"line":40,"column":6},"end":{"line":40,"column":47}}]}},"s":{"0":1,"1":1,"2":1,"3":1,"4":0,"5":0,"6":0,"7":0,"8":0,"9":0,"10":0,"11":0,"12":0,"13":0,"14":0,"15":0,"16":0,"17":1},"f":{"0":1,"1":0,"2":0},"b":{"0":[0]}}
}
