TN:
SF:src/api/carts.ts
FN:6,(anonymous_7)
FN:8,(anonymous_8)
FN:11,(anonymous_9)
FN:15,(anonymous_10)
FN:22,(anonymous_11)
FN:46,(anonymous_12)
FN:46,(anonymous_13)
FN:57,(anonymous_14)
FN:67,(anonymous_15)
FN:73,(anonymous_16)
FN:73,(anonymous_17)
FNF:11
FNH:0
FNDA:0,(anonymous_7)
FNDA:0,(anonymous_8)
FNDA:0,(anonymous_9)
FNDA:0,(anonymous_10)
FNDA:0,(anonymous_11)
FNDA:0,(anonymous_12)
FNDA:0,(anonymous_13)
FNDA:0,(anonymous_14)
FNDA:0,(anonymous_15)
FNDA:0,(anonymous_16)
FNDA:0,(anonymous_17)
DA:1,1
DA:2,1
DA:3,1
DA:4,1
DA:6,1
DA:8,1
DA:9,0
DA:11,1
DA:15,0
DA:16,0
DA:17,0
DA:19,0
DA:21,0
DA:22,0
DA:24,0
DA:25,0
DA:28,0
DA:29,0
DA:30,0
DA:31,0
DA:33,0
DA:40,0
DA:46,1
DA:47,0
DA:48,0
DA:50,0
DA:51,0
DA:54,0
DA:56,0
DA:57,0
DA:60,0
DA:61,0
DA:63,0
DA:67,0
DA:73,1
DA:74,0
DA:75,0
DA:76,0
LF:38
LH:9
BRDA:24,0,0,0
BRDA:28,1,0,0
BRDA:28,1,1,0
BRDA:28,2,0,0
BRDA:28,2,1,0
BRDA:30,3,0,0
BRDA:30,3,1,0
BRDA:50,4,0,0
BRDA:60,5,0,0
BRF:9
BRH:0
end_of_record
TN:
SF:src/api/error.ts
FN:8,(anonymous_0)
FNF:1
FNH:0
FNDA:0,(anonymous_0)
DA:1,1
DA:6,1
DA:9,0
DA:10,0
LF:4
LH:2
BRF:0
BRH:0
end_of_record
TN:
SF:src/api/products.ts
FN:3,(anonymous_7)
FN:7,(anonymous_8)
FN:14,(anonymous_9)
FN:18,(anonymous_10)
FN:22,(anonymous_11)
FN:22,(anonymous_12)
FN:26,(anonymous_13)
FN:34,(anonymous_14)
FNF:8
FNH:6
FNDA:1,(anonymous_7)
FNDA:1,(anonymous_8)
FNDA:1,(anonymous_9)
FNDA:2,(anonymous_10)
FNDA:1,(anonymous_11)
FNDA:1,(anonymous_12)
FNDA:0,(anonymous_13)
FNDA:0,(anonymous_14)
DA:1,1
DA:3,1
DA:4,1
DA:7,1
DA:8,1
DA:9,1
DA:10,1
DA:14,1
DA:18,1
DA:19,2
DA:22,1
DA:23,1
DA:26,1
DA:34,0
DA:35,0
DA:36,0
LF:16
LH:13
BRF:0
BRH:0
end_of_record
TN:
SF:src/config/index.ts
FNF:0
FNH:0
DA:1,1
DA:3,1
DA:5,1
DA:7,1
DA:8,1
DA:9,1
DA:12,1
LF:7
LH:7
BRDA:5,0,0,1
BRDA:5,0,1,0
BRDA:7,1,0,1
BRDA:9,2,0,1
BRDA:9,2,1,0
BRDA:13,3,0,1
BRDA:13,3,1,0
BRDA:15,4,0,1
BRDA:15,4,1,0
BRDA:16,5,0,1
BRDA:16,5,1,0
BRDA:17,6,0,1
BRDA:17,6,1,0
BRDA:18,7,0,1
BRDA:18,7,1,0
BRDA:19,8,0,1
BRDA:19,8,1,0
BRDA:20,9,0,1
BRDA:20,9,1,0
BRDA:22,10,0,1
BRDA:22,10,1,0
BRDA:23,11,0,1
BRDA:23,11,1,0
BRDA:26,12,0,1
BRDA:26,12,1,0
BRF:25
BRH:13
end_of_record
TN:
SF:src/config/mongo-store.ts
FNF:0
FNH:0
DA:1,1
DA:2,1
DA:4,1
DA:6,1
LF:4
LH:4
BRF:0
BRH:0
end_of_record
TN:
SF:src/controllers/carts.ts
FN:12,(anonymous_7)
FN:15,(anonymous_8)
FN:25,(anonymous_9)
FN:25,(anonymous_10)
FN:27,(anonymous_11)
FN:30,(anonymous_12)
FN:36,(anonymous_13)
FN:39,(anonymous_14)
FN:52,(anonymous_15)
FN:55,(anonymous_16)
FNF:10
FNH:0
FNDA:0,(anonymous_7)
FNDA:0,(anonymous_8)
FNDA:0,(anonymous_9)
FNDA:0,(anonymous_10)
FNDA:0,(anonymous_11)
FNDA:0,(anonymous_12)
FNDA:0,(anonymous_13)
FNDA:0,(anonymous_14)
FNDA:0,(anonymous_15)
FNDA:0,(anonymous_16)
DA:4,1
DA:12,1
DA:15,0
DA:16,0
DA:17,0
DA:18,0
DA:20,0
DA:25,1
DA:27,1
DA:30,0
DA:31,0
DA:32,0
DA:33,0
DA:36,1
DA:39,0
DA:40,0
DA:41,0
DA:42,0
DA:43,0
DA:44,0
DA:46,0
DA:48,0
DA:52,1
DA:55,0
DA:56,0
DA:57,0
DA:58,0
DA:59,0
DA:61,0
DA:63,0
LF:30
LH:6
BRDA:31,0,0,0
BRDA:31,0,1,0
BRDA:31,1,0,0
BRDA:31,1,1,0
BRDA:43,2,0,0
BRDA:43,2,1,0
BRDA:43,3,0,0
BRDA:43,3,1,0
BRDA:58,4,0,0
BRDA:58,4,1,0
BRDA:58,5,0,0
BRDA:58,5,1,0
BRF:12
BRH:0
end_of_record
TN:
SF:src/controllers/products.ts
FN:11,(anonymous_7)
FN:14,(anonymous_8)
FN:23,(anonymous_9)
FN:26,(anonymous_10)
FN:36,(anonymous_11)
FN:39,(anonymous_12)
FN:49,(anonymous_13)
FN:52,(anonymous_14)
FN:62,(anonymous_15)
FN:65,(anonymous_16)
FNF:10
FNH:8
FNDA:1,(anonymous_7)
FNDA:1,(anonymous_8)
FNDA:1,(anonymous_9)
FNDA:1,(anonymous_10)
FNDA:2,(anonymous_11)
FNDA:2,(anonymous_12)
FNDA:1,(anonymous_13)
FNDA:1,(anonymous_14)
FNDA:0,(anonymous_15)
FNDA:0,(anonymous_16)
DA:3,1
DA:11,1
DA:14,1
DA:15,1
DA:16,1
DA:17,1
DA:19,0
DA:23,1
DA:26,1
DA:27,1
DA:28,1
DA:29,1
DA:30,1
DA:32,0
DA:36,1
DA:39,2
DA:40,2
DA:41,2
DA:42,2
DA:43,1
DA:45,1
DA:49,1
DA:52,1
DA:53,1
DA:54,1
DA:55,1
DA:56,1
DA:58,0
DA:62,1
DA:65,0
DA:66,0
DA:67,0
DA:69,0
DA:70,0
DA:72,0
DA:74,0
LF:36
LH:26
BRF:0
BRH:0
end_of_record
TN:
SF:src/controllers/users.ts
FN:15,(anonymous_8)
FN:19,(anonymous_9)
FN:23,(anonymous_10)
FN:28,(anonymous_11)
FN:42,(anonymous_12)
FN:46,(anonymous_13)
FN:51,(anonymous_14)
FN:59,(anonymous_15)
FN:62,(anonymous_16)
FN:72,(anonymous_17)
FN:75,(anonymous_18)
FNF:11
FNH:0
FNDA:0,(anonymous_8)
FNDA:0,(anonymous_9)
FNDA:0,(anonymous_10)
FNDA:0,(anonymous_11)
FNDA:0,(anonymous_12)
FNDA:0,(anonymous_13)
FNDA:0,(anonymous_14)
FNDA:0,(anonymous_15)
FNDA:0,(anonymous_16)
FNDA:0,(anonymous_17)
FNDA:0,(anonymous_18)
DA:2,1
DA:3,1
DA:4,1
DA:5,1
DA:9,1
DA:10,1
DA:11,1
DA:12,1
DA:13,1
DA:15,1
DA:16,0
DA:19,1
DA:20,0
DA:23,1
DA:28,0
DA:29,0
DA:30,0
DA:31,0
DA:32,0
DA:33,0
DA:34,0
DA:36,0
DA:37,0
DA:42,1
DA:43,0
DA:46,1
DA:51,0
DA:52,0
DA:53,0
DA:55,0
DA:59,1
DA:62,0
DA:63,0
DA:64,0
DA:65,0
DA:72,1
DA:75,0
DA:76,0
DA:77,0
DA:78,0
DA:85,0
DA:89,0
DA:95,0
LF:43
LH:16
BRDA:31,0,0,0
BRDA:31,0,1,0
BRDA:33,1,0,0
BRDA:33,1,1,0
BRDA:52,2,0,0
BRDA:63,3,0,0
BRDA:63,3,1,0
BRDA:63,4,0,0
BRDA:63,4,1,0
BRDA:76,5,0,0
BRDA:76,5,1,0
BRDA:76,6,0,0
BRDA:76,6,1,0
BRF:13
BRH:0
end_of_record
TN:
SF:src/helpers/userDataFromReqObj.ts
FN:1,(anonymous_0)
FNF:1
FNH:0
FNDA:0,(anonymous_0)
DA:1,1
DA:2,0
DA:3,0
LF:3
LH:1
BRF:0
BRH:0
end_of_record
TN:
SF:src/helpers/userProductsList.ts
FN:3,(anonymous_0)
FN:5,(anonymous_1)
FN:13,(anonymous_2)
FN:15,(anonymous_3)
FNF:4
FNH:0
FNDA:0,(anonymous_0)
FNDA:0,(anonymous_1)
FNDA:0,(anonymous_2)
FNDA:0,(anonymous_3)
DA:3,1
DA:4,0
DA:5,0
DA:6,0
DA:10,0
DA:13,1
DA:14,0
DA:15,0
DA:16,0
DA:20,0
LF:10
LH:2
BRF:0
BRH:0
end_of_record
TN:
SF:src/middlewares/auth.ts
FN:4,(anonymous_0)
FNF:1
FNH:0
FNDA:0,(anonymous_0)
DA:2,1
DA:4,1
DA:9,0
DA:10,0
DA:11,0
DA:13,0
LF:6
LH:2
BRDA:10,0,0,0
BRF:1
BRH:0
end_of_record
TN:
SF:src/middlewares/checkBodyProduct.ts
FN:3,(anonymous_7)
FN:7,(anonymous_8)
FNF:2
FNH:2
FNDA:3,(anonymous_7)
FNDA:3,(anonymous_8)
DA:3,1
DA:7,3
DA:9,3
DA:10,3
DA:18,2
DA:20,1
LF:6
LH:6
BRDA:10,0,0,2
BRDA:11,1,0,3
BRDA:11,1,1,2
BRDA:11,1,2,2
BRDA:11,1,3,2
BRDA:11,1,4,2
BRDA:11,1,5,1
BRF:7
BRH:7
end_of_record
TN:
SF:src/middlewares/isAdmin.ts
FN:4,isAdmin
FNF:1
FNH:0
FNDA:0,isAdmin
DA:2,1
DA:9,0
DA:10,0
DA:11,0
DA:12,0
DA:14,0
DA:18,1
LF:7
LH:2
BRDA:9,0,0,0
BRDA:9,0,1,0
BRDA:11,1,0,0
BRDA:11,1,1,0
BRF:4
BRH:0
end_of_record
TN:
SF:src/middlewares/validateFields.ts
FN:3,(anonymous_0)
FNF:1
FNH:0
FNDA:0,(anonymous_0)
DA:3,1
DA:8,0
DA:9,0
DA:10,0
DA:12,0
DA:15,1
LF:6
LH:2
BRDA:9,0,0,0
BRDA:9,1,0,0
BRDA:9,1,1,0
BRF:3
BRH:0
end_of_record
TN:
SF:src/models/carts.ts
FNF:0
FNH:0
DA:1,1
DA:3,1
DA:5,1
DA:13,1
DA:15,1
LF:5
LH:5
BRF:0
BRH:0
end_of_record
TN:
SF:src/models/products.ts
FNF:0
FNH:0
DA:1,1
DA:3,1
DA:5,1
DA:17,1
DA:19,1
LF:5
LH:5
BRF:0
BRH:0
end_of_record
TN:
SF:src/models/users.ts
FN:26,(anonymous_8)
FN:41,(anonymous_10)
FNF:2
FNH:0
FNDA:0,(anonymous_8)
FNDA:0,(anonymous_10)
DA:1,1
DA:2,1
DA:4,1
DA:6,1
DA:8,1
DA:24,1
DA:27,0
DA:28,0
DA:29,0
DA:30,0
DA:31,0
DA:32,0
DA:33,0
DA:34,0
DA:41,1
DA:42,0
DA:43,0
DA:44,0
DA:47,1
DA:49,1
LF:20
LH:9
BRF:0
BRH:0
end_of_record
TN:
SF:src/routes/cartRouter.ts
FNF:0
FNH:0
DA:1,1
DA:2,1
DA:3,1
DA:4,1
DA:5,1
DA:11,1
DA:13,1
DA:14,1
DA:15,1
DA:20,1
DA:26,1
LF:11
LH:11
BRF:0
BRH:0
end_of_record
TN:
SF:src/routes/mainRouter.ts
FN:8,(anonymous_1)
FNF:1
FNH:0
FNDA:0,(anonymous_1)
DA:1,1
DA:2,1
DA:3,1
DA:4,1
DA:5,1
DA:6,1
DA:8,1
DA:9,0
DA:14,1
DA:15,1
DA:16,1
DA:18,1
LF:12
LH:11
BRF:0
BRH:0
end_of_record
TN:
SF:src/routes/productsRouter.ts
FNF:0
FNH:0
DA:1,1
DA:2,1
DA:4,1
DA:11,1
DA:12,1
DA:14,1
DA:15,1
DA:16,1
DA:17,1
DA:18,1
DA:24,1
LF:11
LH:11
BRF:0
BRH:0
end_of_record
TN:
SF:src/routes/userRouter.ts
FNF:0
FNH:0
DA:1,1
DA:2,1
DA:3,1
DA:12,1
DA:13,1
DA:14,1
DA:16,1
DA:18,1
DA:19,1
DA:20,1
DA:21,1
DA:26,1
DA:27,1
DA:28,1
DA:30,1
LF:15
LH:15
BRF:0
BRH:0
end_of_record
TN:
SF:src/services/auth.ts
FN:25,(anonymous_8)
FN:30,(anonymous_9)
FN:49,(anonymous_10)
FN:54,(anonymous_11)
FN:107,(anonymous_12)
FN:116,(anonymous_13)
FN:120,(anonymous_14)
FNF:7
FNH:0
FNDA:0,(anonymous_8)
FNDA:0,(anonymous_9)
FNDA:0,(anonymous_10)
FNDA:0,(anonymous_11)
FNDA:0,(anonymous_12)
FNDA:0,(anonymous_13)
FNDA:0,(anonymous_14)
DA:1,1
DA:2,1
DA:7,1
DA:8,1
DA:9,1
DA:10,1
DA:12,1
DA:25,1
DA:30,0
DA:31,0
DA:32,0
DA:33,0
DA:34,0
DA:36,0
DA:37,0
DA:39,0
DA:40,0
DA:49,1
DA:54,0
DA:55,0
DA:56,0
DA:57,0
DA:58,0
DA:65,0
DA:69,0
DA:71,0
DA:72,0
DA:73,0
DA:74,0
DA:76,0
DA:84,0
DA:85,0
DA:90,0
DA:93,0
DA:97,1
DA:98,1
DA:107,1
DA:108,0
DA:110,0
DA:116,1
DA:117,0
DA:120,0
DA:121,0
LF:43
LH:13
BRDA:36,0,0,0
BRDA:36,1,0,0
BRDA:36,1,1,0
BRDA:71,2,0,0
BRDA:71,2,1,0
BRF:5
BRH:0
end_of_record
TN:
SF:src/services/database.ts
FN:5,(anonymous_8)
FN:5,(anonymous_9)
FN:17,(anonymous_10)
FN:17,(anonymous_11)
FNF:4
FNH:4
FNDA:1,(anonymous_8)
FNDA:1,(anonymous_9)
FNDA:1,(anonymous_10)
FNDA:1,(anonymous_11)
DA:1,1
DA:2,1
DA:3,1
DA:5,1
DA:6,1
DA:7,1
DA:8,1
DA:9,1
DA:10,1
DA:12,0
DA:13,0
DA:17,1
DA:18,1
DA:19,1
DA:20,1
DA:21,1
DA:23,0
DA:24,0
DA:28,1
LF:19
LH:15
BRF:0
BRH:0
end_of_record
TN:
SF:src/services/logger.ts
FN:21,(anonymous_1)
FNF:1
FNH:1
FNDA:7,(anonymous_1)
DA:2,1
DA:4,1
DA:5,1
DA:14,1
DA:21,7
DA:35,1
LF:6
LH:6
BRF:0
BRH:0
end_of_record
TN:
SF:src/services/mailer.ts
FN:9,(anonymous_8)
FN:25,(anonymous_9)
FN:28,(anonymous_10)
FNF:3
FNH:2
FNDA:1,(anonymous_8)
FNDA:1,(anonymous_9)
FNDA:0,(anonymous_10)
DA:1,1
DA:2,1
DA:3,1
DA:10,1
DA:15,1
DA:25,1
DA:29,0
DA:36,0
DA:37,0
DA:41,1
LF:10
LH:7
BRF:0
BRH:0
end_of_record
TN:
SF:src/services/server.ts
FN:40,(anonymous_14)
FN:44,(anonymous_15)
FN:52,(anonymous_16)
FN:59,(anonymous_17)
FN:59,(anonymous_18)
FN:63,(anonymous_19)
FNF:6
FNH:5
FNDA:0,(anonymous_14)
FNDA:1,(anonymous_15)
FNDA:1,(anonymous_16)
FNDA:1,(anonymous_17)
FNDA:1,(anonymous_18)
FNDA:1,(anonymous_19)
DA:1,1
DA:2,1
DA:3,1
DA:4,1
DA:5,1
DA:6,1
DA:7,1
DA:8,1
DA:9,1
DA:10,1
DA:11,1
DA:12,1
DA:13,1
DA:14,1
DA:16,1
DA:17,1
DA:18,1
DA:19,1
DA:20,1
DA:22,1
DA:23,1
DA:26,1
DA:29,1
DA:31,1
DA:34,1
DA:36,1
DA:38,1
DA:40,1
DA:41,0
DA:44,1
DA:45,1
DA:50,1
DA:52,1
DA:53,1
DA:54,1
DA:59,1
DA:60,1
DA:63,1
DA:64,1
LF:39
LH:38
BRF:0
BRH:0
end_of_record
TN:
SF:src/services/twilio.ts
FN:9,(anonymous_8)
FN:13,(anonymous_9)
FN:28,(anonymous_11)
FNF:3
FNH:1
FNDA:1,(anonymous_8)
FNDA:0,(anonymous_9)
FNDA:0,(anonymous_11)
DA:1,1
DA:2,1
DA:4,1
DA:10,1
DA:14,0
DA:16,0
DA:18,0
DA:24,0
DA:25,0
DA:33,0
DA:34,0
DA:39,0
DA:40,0
DA:41,0
DA:42,0
DA:44,0
DA:49,1
LF:17
LH:5
BRDA:40,0,0,0
BRF:1
BRH:0
end_of_record
